#
# There is insufficient memory for the Java Runtime Environment to continue.
# Native memory allocation (mmap) failed to map 134217728 bytes for G1 virtual space
# Possible reasons:
#   The system is out of physical RAM or swap space
#   The process is running with CompressedOops enabled, and the Java Heap may be blocking the growth of the native heap
# Possible solutions:
#   Reduce memory load on the system
#   Increase physical memory or swap space
#   Check if swap backing store is full
#   Decrease Java heap size (-Xmx/-Xms)
#   Decrease number of Java threads
#   Decrease Java thread stack sizes (-Xss)
#   Set larger code cache with -XX:ReservedCodeCacheSize=
#   JVM is running with Unscaled Compressed Oops mode in which the Java heap is
#     placed in the first 4GB address space. The Java Heap base address is the
#     maximum limit for the native heap growth. Please use -XX:HeapBaseMinAddress
#     to set the Java Heap base and to place the Java Heap above 4GB virtual address.
# This output file may be truncated or incomplete.
#
#  Out of Memory Error (os_windows.cpp:3825), pid=11900, tid=18140
#
# JRE version:  (17.0.9+7) (build )
# Java VM: OpenJDK 64-Bit Server VM (17.0.9+7-b1087.9, mixed mode, sharing, tiered, compressed oops, compressed class ptrs, g1 gc, windows-amd64)
# No core dump will be written. Minidumps are not enabled by default on client versions of Windows
#

---------------  S U M M A R Y ------------

Command Line: -Djava.rmi.server.hostname=127.0.0.1 -Duser.timezone=UTC -Djava.library.path=C:\Users\Asus\AppData\Local\JetBrains\IntelliJIdea2023.3\jdbc-native-deps\SQL Server\12.2.0\sqlserver-win-auth\x64 -Xmx2048m -Xms128m -Djdbc.classpath=C:\Program Files\JetBrains\IntelliJ IDEA 2023.3.2\plugins\DatabaseTools\lib\jdbc-console.jar;C:\Users\Asus\AppData\Roaming\JetBrains\IntelliJIdea2023.3\jdbc-drivers\SQL Server\12.2.0\com\microsoft\sqlserver\mssql-jdbc\12.2.0.jre8\mssql-jdbc-12.2.0.jre8.jar --add-exports=java.desktop/sun.awt=ALL-UNNAMED --add-exports=java.desktop/java.awt.peer=ALL-UNNAMED --add-opens=java.desktop/java.awt=ALL-UNNAMED --add-opens=jdk.unsupported/sun.misc=ALL-UNNAMED --add-opens=java.base/java.nio=ALL-UNNAMED --add-opens=java.base/java.util=ALL-UNNAMED -Dfile.encoding=UTF-8 com.intellij.database.remote.RemoteJdbcServer com.microsoft.sqlserver.jdbc.SQLServerDriver

Host: AMD Ryzen 5 3500U with Radeon Vega Mobile Gfx  , 8 cores, 5G,  Windows 11 , 64 bit Build 22621 (10.0.22621.2506)
Time: Tue Dec 26 20:48:09 2023 SE Asia Standard Time elapsed time: 0.023538 seconds (0d 0h 0m 0s)

---------------  T H R E A D  ---------------

Current thread (0x000002804f9adfd0):  JavaThread "Unknown thread" [_thread_in_vm, id=18140, stack(0x000000bbc0d00000,0x000000bbc0e00000)]

Stack: [0x000000bbc0d00000,0x000000bbc0e00000]
Native frames: (J=compiled Java code, j=interpreted, Vv=VM code, C=native code)
V  [jvm.dll+0x688349]
V  [jvm.dll+0x841bfa]
V  [jvm.dll+0x84383e]
V  [jvm.dll+0x843ea3]
V  [jvm.dll+0x24bdef]
V  [jvm.dll+0x6850f9]
V  [jvm.dll+0x67988a]
V  [jvm.dll+0x30cbfb]
V  [jvm.dll+0x3140a6]
V  [jvm.dll+0x363ede]
V  [jvm.dll+0x36410f]
V  [jvm.dll+0x2e29c8]
V  [jvm.dll+0x2e3934]
V  [jvm.dll+0x812771]
V  [jvm.dll+0x371d41]
V  [jvm.dll+0x7f12bc]
V  [jvm.dll+0x3f59cf]
V  [jvm.dll+0x3f7601]
C  [jli.dll+0x528f]
C  [ucrtbase.dll+0x29363]
C  [KERNEL32.DLL+0x1257d]
C  [ntdll.dll+0x5aa58]


---------------  P R O C E S S  ---------------

Threads class SMR info:
_java_thread_list=0x00007ff86a95df18, length=0, elements={
}

Java Threads: ( => current thread )

Other Threads:
  0x000002804fb73a10 GCTaskThread "GC Thread#0" [stack: 0x000000bbc0e00000,0x000000bbc0f00000] [id=16116]
  0x000002804fb849d0 ConcurrentGCThread "G1 Main Marker" [stack: 0x000000bbc0f00000,0x000000bbc1000000] [id=8288]
  0x000002804fb85b90 ConcurrentGCThread "G1 Conc#0" [stack: 0x000000bbc1000000,0x000000bbc1100000] [id=15960]

[error occurred during error reporting (printing all threads), id 0xc0000005, EXCEPTION_ACCESS_VIOLATION (0xc0000005) at pc=0x00007ff86a113597]

VM state: not at safepoint (not fully initialized)

VM Mutex/Monitor currently owned by a thread:  ([mutex/lock_event])
[0x000002804fb179d0] Heap_lock - owner thread: 0x000002804f9adfd0

Heap address: 0x0000000080000000, size: 2048 MB, Compressed Oops mode: 32-bit

CDS archive(s) mapped at: [0x0000000000000000-0x0000000000000000-0x0000000000000000), size 0, SharedBaseAddress: 0x0000000800000000, ArchiveRelocationMode: 1.
Narrow klass base: 0x0000000000000000, Narrow klass shift: 0, Narrow klass range: 0x0

GC Precious Log:
<Empty>

Heap:
 garbage-first heap   total 0K, used 0K [0x0000000080000000, 0x0000000100000000)
  region size 1024K, 0 young (0K), 0 survivors (0K)
 Metaspace       used 0K, committed 0K, reserved 0K
  class space    used 0K, committed 0K, reserved 0K

Heap Regions: E=young(eden), S=young(survivor), O=old, HS=humongous(starts), HC=humongous(continues), CS=collection set, F=free, OA=open archive, CA=closed archive, TAMS=top-at-mark-start (previous, next)

Card table byte_map: [0x00000280648d0000,0x0000028064cd0000] _byte_map_base: 0x00000280644d0000

Marking Bits (Prev, Next): (CMBitMap*) 0x000002804fb74030, (CMBitMap*) 0x000002804fb74070
 Prev Bits: [0x00000280650d0000, 0x00000280670d0000)
 Next Bits: [0x00000280670d0000, 0x00000280690d0000)

GC Heap History (0 events):
No events

Dll operation events (1 events):
Event: 0.016 Loaded shared library C:\Program Files\JetBrains\IntelliJ IDEA 2023.3.2\jbr\bin\java.dll

Deoptimization events (0 events):
No events

Classes unloaded (0 events):
No events

Classes redefined (0 events):
No events

Internal exceptions (0 events):
No events

VM Operations (0 events):
No events

Events (0 events):
No events


Dynamic libraries:
0x00007ff60d340000 - 0x00007ff60d34a000 	C:\Program Files\JetBrains\IntelliJ IDEA 2023.3.2\jbr\bin\java.exe
0x00007ff8fc7f0000 - 0x00007ff8fca07000 	C:\WINDOWS\SYSTEM32\ntdll.dll
0x00007ff8fb170000 - 0x00007ff8fb234000 	C:\WINDOWS\System32\KERNEL32.DLL
0x00007ff8f9c80000 - 0x00007ff8fa026000 	C:\WINDOWS\System32\KERNELBASE.dll
0x00007ff8fa210000 - 0x00007ff8fa321000 	C:\WINDOWS\System32\ucrtbase.dll
0x00007ff8705f0000 - 0x00007ff870607000 	C:\Program Files\JetBrains\IntelliJ IDEA 2023.3.2\jbr\bin\jli.dll
0x00007ff8fb310000 - 0x00007ff8fb4be000 	C:\WINDOWS\System32\USER32.dll
0x00007ff8f9b60000 - 0x00007ff8f9b86000 	C:\WINDOWS\System32\win32u.dll
0x00007ff8fbce0000 - 0x00007ff8fbd09000 	C:\WINDOWS\System32\GDI32.dll
0x00007ff8ef9c0000 - 0x00007ff8ef9db000 	C:\Program Files\JetBrains\IntelliJ IDEA 2023.3.2\jbr\bin\VCRUNTIME140.dll
0x00007ff8fa0f0000 - 0x00007ff8fa208000 	C:\WINDOWS\System32\gdi32full.dll
0x00007ff8fa330000 - 0x00007ff8fa3ca000 	C:\WINDOWS\System32\msvcp_win.dll
0x00007ff8eec70000 - 0x00007ff8eef03000 	C:\WINDOWS\WinSxS\amd64_microsoft.windows.common-controls_6595b64144ccf1df_6.0.22621.2506_none_270c5ae97388e100\COMCTL32.dll
0x00007ff8fb550000 - 0x00007ff8fb5f7000 	C:\WINDOWS\System32\msvcrt.dll
0x00007ff8fac10000 - 0x00007ff8fac41000 	C:\WINDOWS\System32\IMM32.DLL
0x00007ff8f35e0000 - 0x00007ff8f35ec000 	C:\Program Files\JetBrains\IntelliJ IDEA 2023.3.2\jbr\bin\vcruntime140_1.dll
0x00007ff8dcf30000 - 0x00007ff8dcfbd000 	C:\Program Files\JetBrains\IntelliJ IDEA 2023.3.2\jbr\bin\msvcp140.dll
0x00007ff869e20000 - 0x00007ff86aaa2000 	C:\Program Files\JetBrains\IntelliJ IDEA 2023.3.2\jbr\bin\server\jvm.dll
0x00007ff8fb240000 - 0x00007ff8fb2f1000 	C:\WINDOWS\System32\ADVAPI32.dll
0x00007ff8fc630000 - 0x00007ff8fc6d5000 	C:\WINDOWS\System32\sechost.dll
0x00007ff8fb050000 - 0x00007ff8fb167000 	C:\WINDOWS\System32\RPCRT4.dll
0x00007ff8ee960000 - 0x00007ff8ee969000 	C:\WINDOWS\SYSTEM32\WSOCK32.dll
0x00007ff8fa8e0000 - 0x00007ff8fa951000 	C:\WINDOWS\System32\WS2_32.dll
0x00007ff8f9a30000 - 0x00007ff8f9a7d000 	C:\WINDOWS\SYSTEM32\POWRPROF.dll
0x00007ff8f2670000 - 0x00007ff8f267a000 	C:\WINDOWS\SYSTEM32\VERSION.dll
0x00007ff8f27f0000 - 0x00007ff8f2824000 	C:\WINDOWS\SYSTEM32\WINMM.dll
0x00007ff8f9a10000 - 0x00007ff8f9a23000 	C:\WINDOWS\SYSTEM32\UMPDC.dll
0x00007ff8f8b60000 - 0x00007ff8f8b78000 	C:\WINDOWS\SYSTEM32\kernel.appcore.dll
0x00007ff8ee8b0000 - 0x00007ff8ee8ba000 	C:\Program Files\JetBrains\IntelliJ IDEA 2023.3.2\jbr\bin\jimage.dll
0x00007ff8f7330000 - 0x00007ff8f7563000 	C:\WINDOWS\SYSTEM32\DBGHELP.DLL
0x00007ff8fac70000 - 0x00007ff8faff9000 	C:\WINDOWS\System32\combase.dll
0x00007ff8fa970000 - 0x00007ff8faa47000 	C:\WINDOWS\System32\OLEAUT32.dll
0x00007ff8e99e0000 - 0x00007ff8e9a12000 	C:\WINDOWS\SYSTEM32\dbgcore.DLL
0x00007ff8f9c00000 - 0x00007ff8f9c7a000 	C:\WINDOWS\System32\bcryptPrimitives.dll
0x00007ff8c5be0000 - 0x00007ff8c5c05000 	C:\Program Files\JetBrains\IntelliJ IDEA 2023.3.2\jbr\bin\java.dll

dbghelp: loaded successfully - version: 4.0.5 - missing functions: none
symbol engine: initialized successfully - sym options: 0x614 - pdb path: .;C:\Program Files\JetBrains\IntelliJ IDEA 2023.3.2\jbr\bin;C:\WINDOWS\SYSTEM32;C:\WINDOWS\WinSxS\amd64_microsoft.windows.common-controls_6595b64144ccf1df_6.0.22621.2506_none_270c5ae97388e100;C:\Program Files\JetBrains\IntelliJ IDEA 2023.3.2\jbr\bin\server

VM Arguments:
jvm_args: -Djava.rmi.server.hostname=127.0.0.1 -Duser.timezone=UTC -Djava.library.path=C:\Users\Asus\AppData\Local\JetBrains\IntelliJIdea2023.3\jdbc-native-deps\SQL Server\12.2.0\sqlserver-win-auth\x64 -Xmx2048m -Xms128m -Djdbc.classpath=C:\Program Files\JetBrains\IntelliJ IDEA 2023.3.2\plugins\DatabaseTools\lib\jdbc-console.jar;C:\Users\Asus\AppData\Roaming\JetBrains\IntelliJIdea2023.3\jdbc-drivers\SQL Server\12.2.0\com\microsoft\sqlserver\mssql-jdbc\12.2.0.jre8\mssql-jdbc-12.2.0.jre8.jar --add-exports=java.desktop/sun.awt=ALL-UNNAMED --add-exports=java.desktop/java.awt.peer=ALL-UNNAMED --add-opens=java.desktop/java.awt=ALL-UNNAMED --add-opens=jdk.unsupported/sun.misc=ALL-UNNAMED --add-opens=java.base/java.nio=ALL-UNNAMED --add-opens=java.base/java.util=ALL-UNNAMED -Dfile.encoding=UTF-8 
java_command: com.intellij.database.remote.RemoteJdbcServer com.microsoft.sqlserver.jdbc.SQLServerDriver
java_class_path (initial): C:\Program Files\JetBrains\IntelliJ IDEA 2023.3.2\lib\util_rt.jar;C:\Program Files\JetBrains\IntelliJ IDEA 2023.3.2\lib\util-8.jar;C:\Program Files\JetBrains\IntelliJ IDEA 2023.3.2\lib\groovy.jar;C:\Program Files\JetBrains\IntelliJ IDEA 2023.3.2\plugins\DatabaseTools\lib\jdbc-console.jar;C:\Program Files\JetBrains\IntelliJ IDEA 2023.3.2\plugins\grid-core-impl\lib\jdbc-console-types.jar;C:\Program Files\JetBrains\IntelliJ IDEA 2023.3.2\lib\util.jar
Launcher Type: SUN_STANDARD

[Global flags]
     intx CICompilerCount                          = 4                                         {product} {ergonomic}
     uint ConcGCThreads                            = 2                                         {product} {ergonomic}
     uint G1ConcRefinementThreads                  = 8                                         {product} {ergonomic}
   size_t G1HeapRegionSize                         = 1048576                                   {product} {ergonomic}
    uintx GCDrainStackTargetSize                   = 64                                        {product} {ergonomic}
   size_t InitialHeapSize                          = 134217728                                 {product} {command line}
   size_t MarkStackSize                            = 4194304                                   {product} {ergonomic}
   size_t MaxHeapSize                              = 2147483648                                {product} {command line}
   size_t MinHeapDeltaBytes                        = 1048576                                   {product} {ergonomic}
   size_t MinHeapSize                              = 134217728                                 {product} {command line}
    uintx NonNMethodCodeHeapSize                   = 5839372                                {pd product} {ergonomic}
    uintx NonProfiledCodeHeapSize                  = 122909434                              {pd product} {ergonomic}
    uintx ProfiledCodeHeapSize                     = 122909434                              {pd product} {ergonomic}
    uintx ReservedCodeCacheSize                    = 251658240                              {pd product} {ergonomic}
     bool SegmentedCodeCache                       = true                                      {product} {ergonomic}
   size_t SoftMaxHeapSize                          = 2147483648                             {manageable} {ergonomic}
     bool UseCompressedClassPointers               = true                           {product lp64_product} {ergonomic}
     bool UseCompressedOops                        = true                           {product lp64_product} {ergonomic}
     bool UseG1GC                                  = true                                      {product} {ergonomic}
     bool UseLargePagesIndividualAllocation        = false                                  {pd product} {ergonomic}

Logging:
Log output configuration:
 #0: stdout all=warning uptime,level,tags
 #1: stderr all=off uptime,level,tags

Environment Variables:
JAVA_HOME=C:\Program Files\Java\jdk-18.0.2.1\bin
PATH=C:\Program Files\Common Files\Oracle\Java\javapath;C:\Program Files (x86)\Common Files\Oracle\Java\javapath;C:\Program Files\Microsoft MPI\Bin\;C:\Program Files\Java\jdk-1.8\bin;C:\WINDOWS\system32;C:\WINDOWS;C:\WINDOWS\System32\Wbem;C:\WINDOWS\System32\WindowsPowerShell\v1.0\;C:\WINDOWS\System32\OpenSSH\;C:\Program Files (x86)\Microsoft SQL Server\Client SDK\ODBC\110\Tools\Binn\;C:\Program Files (x86)\Microsoft SQL Server\120\Tools\Binn\;C:\Program Files (x86)\Microsoft SQL Server\120\DTS\Binn\;C:\Users\Asus\Desktop\Matlap\runtime\win64;C:\Users\Asus\Desktop\Matlap\bin;C:\Program Files\MATLAB\R2017b\runtime\win64;C:\Program Files\MATLAB\R2017b\bin;C:\Program Files\PuTTY\;C:\Program Files\PowerShell\7\;C:\Program Files\Git\cmd;C:\Program Files\TortoiseSVN\bin;C:\Program Files (x86)\Microsoft SQL Server\160\DTS\Binn\;C:\Program Files\Azure Data Studio\bin;C:\Program Files (x86)\Microsoft SQL Server\160\Tools\Binn\;C:\Program Files\Microsoft SQL Server\160\Tools\Binn\;C:\Program Files\Microsoft SQL Server\Client SDK\ODBC\170\Tools\Binn\;C:\Program Files\Microsoft SQL Server\160\DTS\Binn\;C:\Program Files\dotnet\;C:\Program Files\Java\jdk1.8.0_202\bin;C:\apache-maven-3.9.4\bin;C:\Program Files\nodejs\;C:\Users\Asus\AppData\Local\Programs\Python\Python310\Scripts\;C:\Users\Asus\AppData\Local\Programs\Python\Python310\;C:\Users\Asus\AppData\Local\Microsoft\WindowsApps;;C:\Users\Asus\AppData\Local\Programs\Microsoft VS Code\bin;C:\Program Files\Azure Data Studio\bin;C:\Users\Asus\AppData\Roaming\npm;C:\Program Files\JetBrains\IntelliJ IDEA 2023.3.2\bin;;C:\Users\Asus\AppData\Local\JetBrains\IntelliJIdea2023.3\jdbc-native-deps\SQL Server\12.2.0\sqlserver-win-auth\x64
USERNAME=Asus
OS=Windows_NT
PROCESSOR_IDENTIFIER=AMD64 Family 23 Model 24 Stepping 1, AuthenticAMD
TMP=C:\Users\Asus\AppData\Local\Temp
TEMP=C:\Users\Asus\AppData\Local\Temp



Periodic native trim disabled

JNI global refs:
JNI global refs: 0, weak refs: 0

JNI global refs memory usage: 0, weak refs: 0

OOME stack traces (most recent first):
Classloader memory used:


---------------  S Y S T E M  ---------------

OS:
 Windows 11 , 64 bit Build 22621 (10.0.22621.2506)
OS uptime: 0 days 2:00 hours

CPU: total 8 (initial active 8) (8 cores per cpu, 2 threads per core) family 23 model 24 stepping 1 microcode 0x0, cx8, cmov, fxsr, ht, mmx, 3dnowpref, sse, sse2, sse3, ssse3, sse4a, sse4.1, sse4.2, popcnt, lzcnt, tsc, tscinvbit, avx, avx2, aes, clmul, bmi1, bmi2, adx, sha, fma, vzeroupper, clflush, clflushopt
Processor Information for all 8 processors :
  Max Mhz: 2100, Current Mhz: 2100, Mhz Limit: 2100

Memory: 4k page, system-wide physical 6091M (390M free)
TotalPageFile size 14283M (AvailPageFile size 117M)
current process WorkingSet (physical memory assigned to process): 11M, peak: 11M
current process commit charge ("private bytes"): 60M, peak: 188M

vm_info: OpenJDK 64-Bit Server VM (17.0.9+7-b1087.9) for windows-amd64 JRE (17.0.9+7-b1087.9), built on 2023-12-05 by "builduser" with MS VC++ 16.10 / 16.11 (VS2019)

END.
