#
# There is insufficient memory for the Java Runtime Environment to continue.
# Native memory allocation (mmap) failed to map 5242880 bytes for G1 virtual space
# Possible reasons:
#   The system is out of physical RAM or swap space
#   The process is running with CompressedOops enabled, and the Java Heap may be blocking the growth of the native heap
# Possible solutions:
#   Reduce memory load on the system
#   Increase physical memory or swap space
#   Check if swap backing store is full
#   Decrease Java heap size (-Xmx/-Xms)
#   Decrease number of Java threads
#   Decrease Java thread stack sizes (-Xss)
#   Set larger code cache with -XX:ReservedCodeCacheSize=
#   JVM is running with Unscaled Compressed Oops mode in which the Java heap is
#     placed in the first 4GB address space. The Java Heap base address is the
#     maximum limit for the native heap growth. Please use -XX:HeapBaseMinAddress
#     to set the Java Heap base and to place the Java Heap above 4GB virtual address.
# This output file may be truncated or incomplete.
#
#  Out of Memory Error (os_windows.cpp:3530), pid=18656, tid=20188
#
# JRE version: Java(TM) SE Runtime Environment (18.0.2.1+1) (build 18.0.2.1+1-1)
# Java VM: Java HotSpot(TM) 64-Bit Server VM (18.0.2.1+1-1, mixed mode, emulated-client, sharing, tiered, compressed oops, compressed class ptrs, g1 gc, windows-amd64)
# No core dump will be written. Minidumps are not enabled by default on client versions of Windows
#

---------------  S U M M A R Y ------------

Command Line: -XX:TieredStopAtLevel=1 -Dspring.output.ansi.enabled=always -Dcom.sun.management.jmxremote -Dspring.jmx.enabled=true -Dspring.liveBeansView.mbeanDomain -Dspring.application.admin.enabled=true -Dmanagement.endpoints.jmx.exposure.include=* -javaagent:C:\Program Files\JetBrains\IntelliJ IDEA 2023.3.2\lib\idea_rt.jar=51426:C:\Program Files\JetBrains\IntelliJ IDEA 2023.3.2\bin -Dfile.encoding=UTF-8 -Dsun.stdout.encoding=UTF-8 -Dsun.stderr.encoding=UTF-8 com.vn.ClaimRequestApplication

Host: AMD Ryzen 5 3500U with Radeon Vega Mobile Gfx  , 8 cores, 5G,  Windows 11 , 64 bit Build 22621 (10.0.22621.2506)
Time: Mon Dec 25 23:00:42 2023 SE Asia Standard Time elapsed time: 27.681508 seconds (0d 0h 0m 27s)

---------------  T H R E A D  ---------------

Current thread (0x000001a6d48173e0):  VMThread "VM Thread" [stack: 0x0000007df0800000,0x0000007df0900000] [id=20188]

Stack: [0x0000007df0800000,0x0000007df0900000]
Native frames: (J=compiled Java code, j=interpreted, Vv=VM code, C=native code)
V  [jvm.dll+0x6993aa]
V  [jvm.dll+0x7f46dd]
V  [jvm.dll+0x7f5fee]
V  [jvm.dll+0x7f66a3]
V  [jvm.dll+0x25cf1f]
V  [jvm.dll+0x6962f9]
V  [jvm.dll+0x68ae2a]
V  [jvm.dll+0x32255b]
V  [jvm.dll+0x329f36]
V  [jvm.dll+0x37eade]
V  [jvm.dll+0x37ed0f]
V  [jvm.dll+0x2fa2da]
V  [jvm.dll+0x2fd0d6]
V  [jvm.dll+0x307545]
V  [jvm.dll+0x33c650]
V  [jvm.dll+0x7fb48b]
V  [jvm.dll+0x7fc224]
V  [jvm.dll+0x7fc75c]
V  [jvm.dll+0x7fcbb4]
V  [jvm.dll+0x7fcc77]
V  [jvm.dll+0x7a120a]
V  [jvm.dll+0x698255]
C  [ucrtbase.dll+0x29363]
C  [KERNEL32.DLL+0x1257d]
C  [ntdll.dll+0x5aa58]

VM_Operation (0x0000007df04ffa90): G1Concurrent, mode: safepoint, requested by thread 0x000001a6d48011c0


---------------  P R O C E S S  ---------------

Threads class SMR info:
_java_thread_list=0x000001a6ee01a490, length=39, elements={
0x000001a6e744f430, 0x000001a6e7450090, 0x000001a6e746e6c0, 0x000001a6e746ff80,
0x000001a6e7470920, 0x000001a6e74712c0, 0x000001a6e7475160, 0x000001a6e747df60,
0x000001a6e7438fe0, 0x000001a6ebbfdb90, 0x000001a6ebbfe050, 0x000001a6ebda1890,
0x000001a6ec33f9f0, 0x000001a6ec351ba0, 0x000001a6ed4753f0, 0x000001a6ed473710,
0x000001a6ed4758c0, 0x000001a6ed475d90, 0x000001a6ed474f20, 0x000001a6ed4728a0,
0x000001a6ed4740b0, 0x000001a6ed474580, 0x000001a6ed472d70, 0x000001a6ed474a50,
0x000001a6ed952c10, 0x000001a6ed955760, 0x000001a6ed950a60, 0x000001a6ed9535b0,
0x000001a6ed951400, 0x000001a6ed954dc0, 0x000001a6ed957910, 0x000001a6ed953f50,
0x000001a6ed950f30, 0x000001a6ed9530e0, 0x000001a6ed953a80, 0x000001a6ed9500c0,
0x000001a6ece1c050, 0x000001a6ece1ac10, 0x000001a6ece1bb40
}

Java Threads: ( => current thread )
  0x000001a6e744f430 JavaThread "Reference Handler" daemon [_thread_blocked, id=9264, stack(0x0000007df0900000,0x0000007df0a00000)]
  0x000001a6e7450090 JavaThread "Finalizer" daemon [_thread_blocked, id=21500, stack(0x0000007df0a00000,0x0000007df0b00000)]
  0x000001a6e746e6c0 JavaThread "Signal Dispatcher" daemon [_thread_blocked, id=20820, stack(0x0000007df0b00000,0x0000007df0c00000)]
  0x000001a6e746ff80 JavaThread "Attach Listener" daemon [_thread_blocked, id=10108, stack(0x0000007df0c00000,0x0000007df0d00000)]
  0x000001a6e7470920 JavaThread "Service Thread" daemon [_thread_blocked, id=9804, stack(0x0000007df0d00000,0x0000007df0e00000)]
  0x000001a6e74712c0 JavaThread "Monitor Deflation Thread" daemon [_thread_blocked, id=19056, stack(0x0000007df0e00000,0x0000007df0f00000)]
  0x000001a6e7475160 JavaThread "C1 CompilerThread0" daemon [_thread_blocked, id=3908, stack(0x0000007df0f00000,0x0000007df1000000)]
  0x000001a6e747df60 JavaThread "Sweeper thread" daemon [_thread_blocked, id=9040, stack(0x0000007df1000000,0x0000007df1100000)]
  0x000001a6e7438fe0 JavaThread "Common-Cleaner" daemon [_thread_blocked, id=10328, stack(0x0000007df1100000,0x0000007df1200000)]
  0x000001a6ebbfdb90 JavaThread "Monitor Ctrl-Break" daemon [_thread_in_native, id=11172, stack(0x0000007df1300000,0x0000007df1400000)]
  0x000001a6ebbfe050 JavaThread "Notification Thread" daemon [_thread_blocked, id=18748, stack(0x0000007df1400000,0x0000007df1500000)]
  0x000001a6ebda1890 JavaThread "RMI TCP Accept-0" daemon [_thread_in_native, id=20400, stack(0x0000007df1500000,0x0000007df1600000)]
  0x000001a6ec33f9f0 JavaThread "RMI TCP Connection(2)-192.168.0.101" daemon [_thread_in_native, id=12228, stack(0x0000007df2100000,0x0000007df2200000)]
  0x000001a6ec351ba0 JavaThread "RMI Scheduler(0)" daemon [_thread_blocked, id=21024, stack(0x0000007df2200000,0x0000007df2300000)]
  0x000001a6ed4753f0 JavaThread "Catalina-utility-1" [_thread_blocked, id=17384, stack(0x0000007df2300000,0x0000007df2400000)]
  0x000001a6ed473710 JavaThread "Catalina-utility-2" [_thread_blocked, id=3052, stack(0x0000007df2600000,0x0000007df2700000)]
  0x000001a6ed4758c0 JavaThread "container-0" [_thread_blocked, id=13740, stack(0x0000007df2700000,0x0000007df2800000)]
  0x000001a6ed475d90 JavaThread "mssql-jdbc-shared-timer-core-0" daemon [_thread_blocked, id=6160, stack(0x0000007df2900000,0x0000007df2a00000)]
  0x000001a6ed474f20 JavaThread "HikariPool-1 housekeeper" daemon [_thread_blocked, id=3892, stack(0x0000007df2b00000,0x0000007df2c00000)]
  0x000001a6ed4728a0 JavaThread "File Watcher" daemon [_thread_blocked, id=2420, stack(0x0000007df2c00000,0x0000007df2d00000)]
  0x000001a6ed4740b0 JavaThread "Live Reload Server" daemon [_thread_in_native, id=11980, stack(0x0000007df2e00000,0x0000007df2f00000)]
  0x000001a6ed474580 JavaThread "http-nio-8080-exec-1" daemon [_thread_blocked, id=20600, stack(0x0000007df2d00000,0x0000007df2e00000)]
  0x000001a6ed472d70 JavaThread "http-nio-8080-exec-2" daemon [_thread_blocked, id=18672, stack(0x0000007df2f00000,0x0000007df3000000)]
  0x000001a6ed474a50 JavaThread "http-nio-8080-exec-3" daemon [_thread_blocked, id=1820, stack(0x0000007df3000000,0x0000007df3100000)]
  0x000001a6ed952c10 JavaThread "http-nio-8080-exec-4" daemon [_thread_blocked, id=20100, stack(0x0000007df3100000,0x0000007df3200000)]
  0x000001a6ed955760 JavaThread "http-nio-8080-exec-5" daemon [_thread_blocked, id=20812, stack(0x0000007df3200000,0x0000007df3300000)]
  0x000001a6ed950a60 JavaThread "http-nio-8080-exec-6" daemon [_thread_blocked, id=20708, stack(0x0000007df3300000,0x0000007df3400000)]
  0x000001a6ed9535b0 JavaThread "http-nio-8080-exec-7" daemon [_thread_blocked, id=15016, stack(0x0000007df3400000,0x0000007df3500000)]
  0x000001a6ed951400 JavaThread "http-nio-8080-exec-8" daemon [_thread_blocked, id=7800, stack(0x0000007df3500000,0x0000007df3600000)]
  0x000001a6ed954dc0 JavaThread "http-nio-8080-exec-9" daemon [_thread_blocked, id=19040, stack(0x0000007df3600000,0x0000007df3700000)]
  0x000001a6ed957910 JavaThread "http-nio-8080-exec-10" daemon [_thread_blocked, id=6972, stack(0x0000007df3700000,0x0000007df3800000)]
  0x000001a6ed953f50 JavaThread "http-nio-8080-Poller" daemon [_thread_in_native, id=8420, stack(0x0000007df3800000,0x0000007df3900000)]
  0x000001a6ed950f30 JavaThread "http-nio-8080-Acceptor" daemon [_thread_in_native, id=12948, stack(0x0000007df3900000,0x0000007df3a00000)]
  0x000001a6ed9530e0 JavaThread "DestroyJavaVM" [_thread_blocked, id=3324, stack(0x0000007df0200000,0x0000007df0300000)]
  0x000001a6ed953a80 JavaThread "RMI TCP Connection(idle)" daemon [_thread_blocked, id=19020, stack(0x0000007df1e00000,0x0000007df1f00000)]
  0x000001a6ed9500c0 JavaThread "RMI TCP Connection(4)-192.168.0.101" daemon [_thread_in_native, id=1284, stack(0x0000007df1f00000,0x0000007df2000000)]
  0x000001a6ece1c050 JavaThread "C1 CompilerThread1" daemon [_thread_blocked, id=7776, stack(0x0000007df1200000,0x0000007df1300000)]
  0x000001a6ece1ac10 JavaThread "C1 CompilerThread2" daemon [_thread_blocked, id=21368, stack(0x0000007df2000000,0x0000007df2100000)]
  0x000001a6ece1bb40 JavaThread "C1 CompilerThread3" daemon [_thread_blocked, id=17964, stack(0x0000007df2a00000,0x0000007df2b00000)]

Other Threads:
=>0x000001a6d48173e0 VMThread "VM Thread" [stack: 0x0000007df0800000,0x0000007df0900000] [id=20188]
  0x000001a6d47a5e60 WatcherThread "VM Periodic Task Thread" [stack: 0x0000007df1600000,0x0000007df1700000] [id=20748]
  0x000001a6d47f53a0 WorkerThread "GC Thread#0" [stack: 0x0000007df0300000,0x0000007df0400000] [id=21316]
  0x000001a6ebf532b0 WorkerThread "GC Thread#1" [stack: 0x0000007df1700000,0x0000007df1800000] [id=20796]
  0x000001a6ec1d89e0 WorkerThread "GC Thread#2" [stack: 0x0000007df1800000,0x0000007df1900000] [id=4516]
  0x000001a6ec1d8c80 WorkerThread "GC Thread#3" [stack: 0x0000007df1900000,0x0000007df1a00000] [id=20628]
  0x000001a6ec1d9f50 WorkerThread "GC Thread#4" [stack: 0x0000007df1a00000,0x0000007df1b00000] [id=18456]
  0x000001a6ec1da1f0 WorkerThread "GC Thread#5" [stack: 0x0000007df1b00000,0x0000007df1c00000] [id=10800]
  0x000001a6ec1da910 WorkerThread "GC Thread#6" [stack: 0x0000007df1c00000,0x0000007df1d00000] [id=17992]
  0x000001a6ec387960 WorkerThread "GC Thread#7" [stack: 0x0000007df2400000,0x0000007df2500000] [id=4540]
  0x000001a6d48011c0 ConcurrentGCThread "G1 Main Marker" [stack: 0x0000007df0400000,0x0000007df0500000] [id=17972]
  0x000001a6d4801bb0 WorkerThread "G1 Conc#0" [stack: 0x0000007df0500000,0x0000007df0600000] [id=13992]
  0x000001a6ec9eee40 WorkerThread "G1 Conc#1" [stack: 0x0000007df2500000,0x0000007df2600000] [id=6820]
  0x000001a6d4844690 ConcurrentGCThread "G1 Refine#0" [stack: 0x0000007df0600000,0x0000007df0700000] [id=20860]
  0x000001a6ec18a040 ConcurrentGCThread "G1 Refine#1" [stack: 0x0000007df1d00000,0x0000007df1e00000] [id=11824]
  0x000001a6d4844fa0 ConcurrentGCThread "G1 Service" [stack: 0x0000007df0700000,0x0000007df0800000] [id=19644]

Threads with active compile tasks:

VM state: at safepoint (normal execution)

VM Mutex/Monitor currently owned by a thread:  ([mutex/lock_event])
[0x000001a6d47a0470] Threads_lock - owner thread: 0x000001a6d48173e0
[0x000001a6d479ff60] Heap_lock - owner thread: 0x000001a6d48011c0

Heap address: 0x00000000a0c00000, size: 1524 MB, Compressed Oops mode: 32-bit

CDS archive(s) mapped at: [0x0000000800000000-0x0000000800ba0000-0x0000000800ba0000), size 12189696, SharedBaseAddress: 0x0000000800000000, ArchiveRelocationMode: 0.
Compressed class space mapped at: 0x0000000800c00000-0x0000000840c00000, reserved size: 1073741824
Narrow klass base: 0x0000000800000000, Narrow klass shift: 0, Narrow klass range: 0x100000000

GC Precious Log:
 CardTable entry size: 512
 Card Set container configuration: InlinePtr #cards 5 size 8 Array Of Cards #cards 12 size 40 Howl #buckets 4 coarsen threshold 1843 Howl Bitmap #cards 512 size 80 coarsen threshold 460 Card regions per heap region 1 cards per card region 2048
 CPUs: 8 total, 8 available
 Memory: 6091M
 Large Page Support: Disabled
 NUMA Support: Disabled
 Compressed Oops: Enabled (32-bit)
 Heap Region Size: 1M
 Heap Min Capacity: 8M
 Heap Initial Capacity: 96M
 Heap Max Capacity: 1524M
 Pre-touch: Disabled
 Parallel Workers: 8
 Concurrent Workers: 2
 Concurrent Refinement Workers: 8
 Periodic GC: Disabled

Heap:
 garbage-first heap   total 61440K, used 38136K [0x00000000a0c00000, 0x0000000100000000)
  region size 1024K, 3 young (3072K), 2 survivors (2048K)
 Metaspace       used 71071K, committed 72064K, reserved 1114112K
  class space    used 9948K, committed 10368K, reserved 1048576K

Heap Regions: E=young(eden), S=young(survivor), O=old, HS=humongous(starts), HC=humongous(continues), CS=collection set, F=free, OA=open archive, CA=closed archive, TAMS=top-at-mark-start (previous, next)
|   0|0x00000000a0c00000, 0x00000000a0d00000, 0x00000000a0d00000|100%|HS|  |TAMS 0x00000000a0d00000, 0x00000000a0c00000| Complete 
|   1|0x00000000a0d00000, 0x00000000a0e00000, 0x00000000a0e00000|100%| O|  |TAMS 0x00000000a0e00000, 0x00000000a0d00000| Updating 
|   2|0x00000000a0e00000, 0x00000000a0f00000, 0x00000000a0f00000|100%| O|  |TAMS 0x00000000a0f00000, 0x00000000a0e00000| Untracked 
|   3|0x00000000a0f00000, 0x00000000a1000000, 0x00000000a1000000|100%| O|  |TAMS 0x00000000a1000000, 0x00000000a0f00000| Untracked 
|   4|0x00000000a1000000, 0x00000000a1100000, 0x00000000a1100000|100%| O|  |TAMS 0x00000000a1100000, 0x00000000a1000000| Updating 
|   5|0x00000000a1100000, 0x00000000a1200000, 0x00000000a1200000|100%| O|  |TAMS 0x00000000a1200000, 0x00000000a1100000| Untracked 
|   6|0x00000000a1200000, 0x00000000a1300000, 0x00000000a1300000|100%| O|  |TAMS 0x00000000a1300000, 0x00000000a1200000| Untracked 
|   7|0x00000000a1300000, 0x00000000a1400000, 0x00000000a1400000|100%| O|  |TAMS 0x00000000a1400000, 0x00000000a1300000| Updating 
|   8|0x00000000a1400000, 0x00000000a1500000, 0x00000000a1500000|100%| O|  |TAMS 0x00000000a1500000, 0x00000000a1400000| Updating 
|   9|0x00000000a1500000, 0x00000000a15da400, 0x00000000a1600000| 85%| O|  |TAMS 0x00000000a15da400, 0x00000000a1500000| Updating 
|  10|0x00000000a1600000, 0x00000000a1700000, 0x00000000a1700000|100%| O|  |TAMS 0x00000000a1700000, 0x00000000a1600000| Untracked 
|  11|0x00000000a1700000, 0x00000000a1800000, 0x00000000a1800000|100%| O|  |TAMS 0x00000000a1800000, 0x00000000a1700000| Updating 
|  12|0x00000000a1800000, 0x00000000a1900000, 0x00000000a1900000|100%| O|  |TAMS 0x00000000a1900000, 0x00000000a1800000| Updating 
|  13|0x00000000a1900000, 0x00000000a1a00000, 0x00000000a1a00000|100%| O|  |TAMS 0x00000000a1a00000, 0x00000000a1900000| Untracked 
|  14|0x00000000a1a00000, 0x00000000a1b00000, 0x00000000a1b00000|100%| O|  |TAMS 0x00000000a1b00000, 0x00000000a1a00000| Updating 
|  15|0x00000000a1b00000, 0x00000000a1b63e00, 0x00000000a1c00000| 39%| O|  |TAMS 0x00000000a1b00000, 0x00000000a1b00000| Updating 
|  16|0x00000000a1c00000, 0x00000000a1d00000, 0x00000000a1d00000|100%| O|  |TAMS 0x00000000a1d00000, 0x00000000a1c00000| Untracked 
|  17|0x00000000a1d00000, 0x00000000a1e00000, 0x00000000a1e00000|100%| O|  |TAMS 0x00000000a1e00000, 0x00000000a1d00000| Updating 
|  18|0x00000000a1e00000, 0x00000000a1f00000, 0x00000000a1f00000|100%| O|  |TAMS 0x00000000a1f00000, 0x00000000a1e00000| Updating 
|  19|0x00000000a1f00000, 0x00000000a2000000, 0x00000000a2000000|100%| O|  |TAMS 0x00000000a2000000, 0x00000000a1f00000| Untracked 
|  20|0x00000000a2000000, 0x00000000a2100000, 0x00000000a2100000|100%| O|  |TAMS 0x00000000a2100000, 0x00000000a2000000| Updating 
|  21|0x00000000a2100000, 0x00000000a2200000, 0x00000000a2200000|100%| O|  |TAMS 0x00000000a2200000, 0x00000000a2100000| Untracked 
|  22|0x00000000a2200000, 0x00000000a2300000, 0x00000000a2300000|100%| O|  |TAMS 0x00000000a2300000, 0x00000000a2200000| Untracked 
|  23|0x00000000a2300000, 0x00000000a2400000, 0x00000000a2400000|100%| O|  |TAMS 0x00000000a2400000, 0x00000000a2300000| Untracked 
|  24|0x00000000a2400000, 0x00000000a2500000, 0x00000000a2500000|100%| O|  |TAMS 0x00000000a2500000, 0x00000000a2400000| Untracked 
|  25|0x00000000a2500000, 0x00000000a2600000, 0x00000000a2600000|100%| O|  |TAMS 0x00000000a2600000, 0x00000000a2500000| Untracked 
|  26|0x00000000a2600000, 0x00000000a2700000, 0x00000000a2700000|100%| O|  |TAMS 0x00000000a2700000, 0x00000000a2600000| Untracked 
|  27|0x00000000a2700000, 0x00000000a2800000, 0x00000000a2800000|100%| O|  |TAMS 0x00000000a2800000, 0x00000000a2700000| Untracked 
|  28|0x00000000a2800000, 0x00000000a2900000, 0x00000000a2900000|100%| O|  |TAMS 0x00000000a2900000, 0x00000000a2800000| Untracked 
|  29|0x00000000a2900000, 0x00000000a2a00000, 0x00000000a2a00000|100%| O|  |TAMS 0x00000000a2a00000, 0x00000000a2900000| Updating 
|  30|0x00000000a2a00000, 0x00000000a2b00000, 0x00000000a2b00000|100%| O|  |TAMS 0x00000000a2b00000, 0x00000000a2a00000| Untracked 
|  31|0x00000000a2b00000, 0x00000000a2c00000, 0x00000000a2c00000|100%| O|  |TAMS 0x00000000a2c00000, 0x00000000a2b00000| Updating 
|  32|0x00000000a2c00000, 0x00000000a2d00000, 0x00000000a2d00000|100%| O|  |TAMS 0x00000000a2d00000, 0x00000000a2c00000| Untracked 
|  33|0x00000000a2d00000, 0x00000000a2e00000, 0x00000000a2e00000|100%| O|  |TAMS 0x00000000a2e00000, 0x00000000a2d00000| Untracked 
|  34|0x00000000a2e00000, 0x00000000a2f00000, 0x00000000a2f00000|100%| O|  |TAMS 0x00000000a2f00000, 0x00000000a2e00000| Untracked 
|  35|0x00000000a2f00000, 0x00000000a3000000, 0x00000000a3000000|100%| O|  |TAMS 0x00000000a2f34000, 0x00000000a2f00000| Untracked 
|  36|0x00000000a3000000, 0x00000000a3000000, 0x00000000a3100000|  0%| F|  |TAMS 0x00000000a3000000, 0x00000000a3000000| Untracked 
|  37|0x00000000a3100000, 0x00000000a3100000, 0x00000000a3200000|  0%| F|  |TAMS 0x00000000a3100000, 0x00000000a3100000| Untracked 
|  38|0x00000000a3200000, 0x00000000a3200000, 0x00000000a3300000|  0%| F|  |TAMS 0x00000000a3200000, 0x00000000a3200000| Untracked 
|  39|0x00000000a3300000, 0x00000000a3300000, 0x00000000a3400000|  0%| F|  |TAMS 0x00000000a3300000, 0x00000000a3300000| Untracked 
|  40|0x00000000a3400000, 0x00000000a3400000, 0x00000000a3500000|  0%| F|  |TAMS 0x00000000a3400000, 0x00000000a3400000| Untracked 
|  41|0x00000000a3500000, 0x00000000a3500000, 0x00000000a3600000|  0%| F|  |TAMS 0x00000000a3500000, 0x00000000a3500000| Untracked 
|  42|0x00000000a3600000, 0x00000000a3600000, 0x00000000a3700000|  0%| F|  |TAMS 0x00000000a3600000, 0x00000000a3600000| Untracked 
|  43|0x00000000a3700000, 0x00000000a3800000, 0x00000000a3800000|100%| S|CS|TAMS 0x00000000a3700000, 0x00000000a3700000| Complete 
|  44|0x00000000a3800000, 0x00000000a3900000, 0x00000000a3900000|100%| S|CS|TAMS 0x00000000a3800000, 0x00000000a3800000| Complete 
|  45|0x00000000a3900000, 0x00000000a3900000, 0x00000000a3a00000|  0%| F|  |TAMS 0x00000000a3900000, 0x00000000a3900000| Untracked 
|  46|0x00000000a3a00000, 0x00000000a3a00000, 0x00000000a3b00000|  0%| F|  |TAMS 0x00000000a3a00000, 0x00000000a3a00000| Untracked 
|  47|0x00000000a3b00000, 0x00000000a3b00000, 0x00000000a3c00000|  0%| F|  |TAMS 0x00000000a3b00000, 0x00000000a3b00000| Untracked 
|  48|0x00000000a3c00000, 0x00000000a3c00000, 0x00000000a3d00000|  0%| F|  |TAMS 0x00000000a3c00000, 0x00000000a3c00000| Untracked 
|  49|0x00000000a3d00000, 0x00000000a3d00000, 0x00000000a3e00000|  0%| F|  |TAMS 0x00000000a3d00000, 0x00000000a3d00000| Untracked 
|  50|0x00000000a3e00000, 0x00000000a3e00000, 0x00000000a3f00000|  0%| F|  |TAMS 0x00000000a3e00000, 0x00000000a3e00000| Untracked 
|  51|0x00000000a3f00000, 0x00000000a3f00000, 0x00000000a4000000|  0%| F|  |TAMS 0x00000000a3f00000, 0x00000000a3f00000| Untracked 
|  52|0x00000000a4000000, 0x00000000a4000000, 0x00000000a4100000|  0%| F|  |TAMS 0x00000000a4000000, 0x00000000a4000000| Untracked 
|  53|0x00000000a4100000, 0x00000000a4100000, 0x00000000a4200000|  0%| F|  |TAMS 0x00000000a4100000, 0x00000000a4100000| Untracked 
|  54|0x00000000a4200000, 0x00000000a4200000, 0x00000000a4300000|  0%| F|  |TAMS 0x00000000a4200000, 0x00000000a4200000| Untracked 
|  90|0x00000000a6600000, 0x00000000a6600000, 0x00000000a6700000|  0%| F|  |TAMS 0x00000000a6600000, 0x00000000a6600000| Untracked 
|  91|0x00000000a6700000, 0x00000000a6700000, 0x00000000a6800000|  0%| F|  |TAMS 0x00000000a6700000, 0x00000000a6700000| Untracked 
|  92|0x00000000a6800000, 0x00000000a6800000, 0x00000000a6900000|  0%| F|  |TAMS 0x00000000a6800000, 0x00000000a6800000| Untracked 
|  93|0x00000000a6900000, 0x00000000a6900000, 0x00000000a6a00000|  0%| F|  |TAMS 0x00000000a6900000, 0x00000000a6900000| Untracked 
|  95|0x00000000a6b00000, 0x00000000a6b1c778, 0x00000000a6c00000| 11%| E|  |TAMS 0x00000000a6b00000, 0x00000000a6b00000| Complete 

Card table byte_map: [0x000001a6e1480000,0x000001a6e1780000] _byte_map_base: 0x000001a6e0f7a000

Marking Bits (Prev, Next): (CMBitMap*) 0x000001a6d47f69f0, (CMBitMap*) 0x000001a6d47f69b0
 Prev Bits: [0x000001a6e3250000, 0x000001a6e4a20000)
 Next Bits: [0x000001a6e1a80000, 0x000001a6e3250000)

Polling page: 0x000001a6d4850000

Metaspace:

Usage:
  Non-class:     59.69 MB used.
      Class:      9.72 MB used.
       Both:     69.41 MB used.

Virtual space:
  Non-class space:       64.00 MB reserved,      60.25 MB ( 94%) committed,  1 nodes.
      Class space:        1.00 GB reserved,      10.12 MB ( <1%) committed,  1 nodes.
             Both:        1.06 GB reserved,      70.38 MB (  6%) committed. 

Chunk freelists:
   Non-Class:  3.24 MB
       Class:  1.93 MB
        Both:  5.17 MB

MaxMetaspaceSize: unlimited
CompressedClassSpaceSize: 1.00 GB
Initial GC threshold: 21.00 MB
Current GC threshold: 110.62 MB
CDS: on
MetaspaceReclaimPolicy: balanced
 - commit_granule_bytes: 65536.
 - commit_granule_words: 8192.
 - virtual_space_node_default_size: 8388608.
 - enlarge_chunks_in_place: 1.
 - new_chunks_are_fully_committed: 0.
 - uncommit_free_chunks: 1.
 - use_allocation_guard: 0.


Internal statistics:

num_allocs_failed_limit: 6.
num_arena_births: 1106.
num_arena_deaths: 218.
num_vsnodes_births: 2.
num_vsnodes_deaths: 0.
num_space_committed: 1126.
num_space_uncommitted: 0.
num_chunks_returned_to_freelist: 251.
num_chunks_taken_from_freelist: 3538.
num_chunk_merges: 85.
num_chunk_splits: 2610.
num_chunks_enlarged: 2063.
num_inconsistent_stats: 0.

CodeCache: size=49152Kb used=13559Kb max_used=13559Kb free=35592Kb
 bounds [0x000001a6dd8a0000, 0x000001a6de5e0000, 0x000001a6e08a0000]
 total_blobs=7458 nmethods=6725 adapters=656
 compilation: enabled
              stopped_count=0, restarted_count=0
 full_count=0

Compilation events (20 events):
Event: 27.230 Thread 0x000001a6ece1bb40 6716       1       org.thymeleaf.context.AbstractEngineContext::getConfiguration (5 bytes)
Event: 27.231 Thread 0x000001a6ece1bb40 nmethod 6716 0x000001a6de5daf90 code [0x000001a6de5db120, 0x000001a6de5db1f8]
Event: 27.231 Thread 0x000001a6e7475160 6717       1       org.attoparser.ParsingElementMarkupUtil::isOpenElementStart (34 bytes)
Event: 27.232 Thread 0x000001a6e7475160 nmethod 6717 0x000001a6de5db290 code [0x000001a6de5db420, 0x000001a6de5db548]
Event: 27.251 Thread 0x000001a6ece1c050 6718       1       org.thymeleaf.engine.AbstractTextualTemplateEvent::computeWhitespace (53 bytes)
Event: 27.251 Thread 0x000001a6ece1ac10 6719       1       org.attoparser.MarkupEventProcessorHandler$StructureNamesRepository::getStructureName (41 bytes)
Event: 27.252 Thread 0x000001a6ece1ac10 nmethod 6719 0x000001a6de5db610 code [0x000001a6de5db7c0, 0x000001a6de5db978]
Event: 27.252 Thread 0x000001a6ece1c050 nmethod 6718 0x000001a6de5dba90 code [0x000001a6de5dbc60, 0x000001a6de5dbe98]
Event: 27.255 Thread 0x000001a6e7475160 6720       1       org.attoparser.ParseStatus::isAutoOpenCloseDone (5 bytes)
Event: 27.255 Thread 0x000001a6e7475160 nmethod 6720 0x000001a6de5dc010 code [0x000001a6de5dc1a0, 0x000001a6de5dc278]
Event: 27.257 Thread 0x000001a6e7475160 6721       1       org.thymeleaf.util.Validate::isTrue (14 bytes)
Event: 27.257 Thread 0x000001a6ece1bb40 6722       1       org.attoparser.HtmlElements::forName (24 bytes)
Event: 27.257 Thread 0x000001a6ece1c050 6723   !   1       org.attoparser.HtmlElements$HtmlElementRepository::getElement (156 bytes)
Event: 27.257 Thread 0x000001a6ece1ac10 6724       1       org.attoparser.HtmlElements$HtmlElementRepository::binarySearch (97 bytes)
Event: 27.257 Thread 0x000001a6e7475160 nmethod 6721 0x000001a6de5dc310 code [0x000001a6de5dc4a0, 0x000001a6de5dc5e8]
Event: 27.257 Thread 0x000001a6ece1bb40 nmethod 6722 0x000001a6de5dc690 code [0x000001a6de5dc840, 0x000001a6de5dc9b8]
Event: 27.257 Thread 0x000001a6ece1ac10 nmethod 6724 0x000001a6de5dca90 code [0x000001a6de5dcc60, 0x000001a6de5dce88]
Event: 27.257 Thread 0x000001a6ece1c050 nmethod 6723 0x000001a6de5dd010 code [0x000001a6de5dd260, 0x000001a6de5dd698]
Event: 27.258 Thread 0x000001a6ece1bb40 6725       1       org.apache.catalina.connector.Request::removeAttribute (66 bytes)
Event: 27.259 Thread 0x000001a6ece1bb40 nmethod 6725 0x000001a6de5dd910 code [0x000001a6de5ddb00, 0x000001a6de5ddd18]

GC Heap History (20 events):
Event: 9.243 GC heap before
{Heap before GC invocations=18 (full 0):
 garbage-first heap   total 61440K, used 48702K [0x00000000a0c00000, 0x0000000100000000)
  region size 1024K, 25 young (25600K), 2 survivors (2048K)
 Metaspace       used 60463K, committed 61184K, reserved 1114112K
  class space    used 8441K, committed 8768K, reserved 1048576K
}
Event: 9.247 GC heap after
{Heap after GC invocations=19 (full 0):
 garbage-first heap   total 61440K, used 27933K [0x00000000a0c00000, 0x0000000100000000)
  region size 1024K, 4 young (4096K), 4 survivors (4096K)
 Metaspace       used 60463K, committed 61184K, reserved 1114112K
  class space    used 8441K, committed 8768K, reserved 1048576K
}
Event: 9.820 GC heap before
{Heap before GC invocations=19 (full 0):
 garbage-first heap   total 61440K, used 48413K [0x00000000a0c00000, 0x0000000100000000)
  region size 1024K, 24 young (24576K), 4 survivors (4096K)
 Metaspace       used 62205K, committed 62912K, reserved 1114112K
  class space    used 8713K, committed 9024K, reserved 1048576K
}
Event: 9.825 GC heap after
{Heap after GC invocations=20 (full 0):
 garbage-first heap   total 61440K, used 28899K [0x00000000a0c00000, 0x0000000100000000)
  region size 1024K, 2 young (2048K), 2 survivors (2048K)
 Metaspace       used 62205K, committed 62912K, reserved 1114112K
  class space    used 8713K, committed 9024K, reserved 1048576K
}
Event: 10.485 GC heap before
{Heap before GC invocations=20 (full 0):
 garbage-first heap   total 61440K, used 49379K [0x00000000a0c00000, 0x0000000100000000)
  region size 1024K, 22 young (22528K), 2 survivors (2048K)
 Metaspace       used 64805K, committed 65536K, reserved 1114112K
  class space    used 9094K, committed 9408K, reserved 1048576K
}
Event: 10.489 GC heap after
{Heap after GC invocations=21 (full 0):
 garbage-first heap   total 61440K, used 30567K [0x00000000a0c00000, 0x0000000100000000)
  region size 1024K, 3 young (3072K), 3 survivors (3072K)
 Metaspace       used 64805K, committed 65536K, reserved 1114112K
  class space    used 9094K, committed 9408K, reserved 1048576K
}
Event: 10.819 GC heap before
{Heap before GC invocations=22 (full 0):
 garbage-first heap   total 61440K, used 50023K [0x00000000a0c00000, 0x0000000100000000)
  region size 1024K, 22 young (22528K), 3 survivors (3072K)
 Metaspace       used 66262K, committed 67008K, reserved 1114112K
  class space    used 9336K, committed 9664K, reserved 1048576K
}
Event: 10.826 GC heap after
{Heap after GC invocations=23 (full 0):
 garbage-first heap   total 61440K, used 32128K [0x00000000a0c00000, 0x0000000100000000)
  region size 1024K, 2 young (2048K), 2 survivors (2048K)
 Metaspace       used 66262K, committed 67008K, reserved 1114112K
  class space    used 9336K, committed 9664K, reserved 1048576K
}
Event: 10.969 GC heap before
{Heap before GC invocations=23 (full 0):
 garbage-first heap   total 61440K, used 50560K [0x00000000a0c00000, 0x0000000100000000)
  region size 1024K, 20 young (20480K), 2 survivors (2048K)
 Metaspace       used 66565K, committed 67328K, reserved 1114112K
  class space    used 9372K, committed 9728K, reserved 1048576K
}
Event: 10.972 GC heap after
{Heap after GC invocations=24 (full 0):
 garbage-first heap   total 61440K, used 32969K [0x00000000a0c00000, 0x0000000100000000)
  region size 1024K, 1 young (1024K), 1 survivors (1024K)
 Metaspace       used 66565K, committed 67328K, reserved 1114112K
  class space    used 9372K, committed 9728K, reserved 1048576K
}
Event: 16.765 GC heap before
{Heap before GC invocations=25 (full 0):
 garbage-first heap   total 61440K, used 50377K [0x00000000a0c00000, 0x0000000100000000)
  region size 1024K, 18 young (18432K), 1 survivors (1024K)
 Metaspace       used 67151K, committed 67968K, reserved 1114112K
  class space    used 9459K, committed 9856K, reserved 1048576K
}
Event: 16.769 GC heap after
{Heap after GC invocations=26 (full 0):
 garbage-first heap   total 61440K, used 34386K [0x00000000a0c00000, 0x0000000100000000)
  region size 1024K, 3 young (3072K), 3 survivors (3072K)
 Metaspace       used 67151K, committed 67968K, reserved 1114112K
  class space    used 9459K, committed 9856K, reserved 1048576K
}
Event: 23.639 GC heap before
{Heap before GC invocations=26 (full 0):
 garbage-first heap   total 61440K, used 49746K [0x00000000a0c00000, 0x0000000100000000)
  region size 1024K, 18 young (18432K), 3 survivors (3072K)
 Metaspace       used 67151K, committed 67968K, reserved 1114112K
  class space    used 9459K, committed 9856K, reserved 1048576K
}
Event: 23.645 GC heap after
{Heap after GC invocations=27 (full 0):
 garbage-first heap   total 61440K, used 34621K [0x00000000a0c00000, 0x0000000100000000)
  region size 1024K, 2 young (2048K), 2 survivors (2048K)
 Metaspace       used 67151K, committed 67968K, reserved 1114112K
  class space    used 9459K, committed 9856K, reserved 1048576K
}
Event: 26.575 GC heap before
{Heap before GC invocations=28 (full 0):
 garbage-first heap   total 61440K, used 48957K [0x00000000a0c00000, 0x0000000100000000)
  region size 1024K, 17 young (17408K), 2 survivors (2048K)
 Metaspace       used 69108K, committed 69888K, reserved 1114112K
  class space    used 9710K, committed 10112K, reserved 1048576K
}
Event: 26.579 GC heap after
{Heap after GC invocations=29 (full 0):
 garbage-first heap   total 61440K, used 35464K [0x00000000a0c00000, 0x0000000100000000)
  region size 1024K, 2 young (2048K), 2 survivors (2048K)
 Metaspace       used 69108K, committed 69888K, reserved 1114112K
  class space    used 9710K, committed 10112K, reserved 1048576K
}
Event: 26.608 GC heap before
{Heap before GC invocations=29 (full 0):
 garbage-first heap   total 61440K, used 36488K [0x00000000a0c00000, 0x0000000100000000)
  region size 1024K, 3 young (3072K), 2 survivors (2048K)
 Metaspace       used 69310K, committed 70080K, reserved 1114112K
  class space    used 9747K, committed 10112K, reserved 1048576K
}
Event: 26.610 GC heap after
{Heap after GC invocations=30 (full 0):
 garbage-first heap   total 61440K, used 35221K [0x00000000a0c00000, 0x0000000100000000)
  region size 1024K, 1 young (1024K), 1 survivors (1024K)
 Metaspace       used 69310K, committed 70080K, reserved 1114112K
  class space    used 9747K, committed 10112K, reserved 1048576K
}
Event: 27.619 GC heap before
{Heap before GC invocations=30 (full 0):
 garbage-first heap   total 61440K, used 48533K [0x00000000a0c00000, 0x0000000100000000)
  region size 1024K, 15 young (15360K), 1 survivors (1024K)
 Metaspace       used 71315K, committed 72064K, reserved 1114112K
  class space    used 10001K, committed 10368K, reserved 1048576K
}
Event: 27.622 GC heap after
{Heap after GC invocations=31 (full 0):
 garbage-first heap   total 61440K, used 38136K [0x00000000a0c00000, 0x0000000100000000)
  region size 1024K, 2 young (2048K), 2 survivors (2048K)
 Metaspace       used 71315K, committed 72064K, reserved 1114112K
  class space    used 10001K, committed 10368K, reserved 1048576K
}

Deoptimization events (12 events):
Event: 2.366 Thread 0x000001a6ec1c9d70 DEOPT PACKING pc=0x000001a6dddbc719 sp=0x0000007df1ffd1a0
Event: 2.366 Thread 0x000001a6ec1c9d70 DEOPT UNPACKING pc=0x000001a6dd8f2b43 sp=0x0000007df1ffc680 mode 3
Event: 2.657 Thread 0x000001a6ec1c9d70 DEOPT PACKING pc=0x000001a6dde12fd5 sp=0x0000007df1ffd480
Event: 2.657 Thread 0x000001a6ec1c9d70 DEOPT UNPACKING pc=0x000001a6dd8f2b43 sp=0x0000007df1ffc928 mode 3
Event: 5.155 Thread 0x000001a6ec1c9d70 DEOPT PACKING pc=0x000001a6de0c1f9d sp=0x0000007df1ffc620
Event: 5.155 Thread 0x000001a6ec1c9d70 DEOPT UNPACKING pc=0x000001a6dd8f2b43 sp=0x0000007df1ffbb88 mode 3
Event: 5.209 Thread 0x000001a6ed473710 DEOPT PACKING pc=0x000001a6ddd22497 sp=0x0000007df26ff0a0
Event: 5.209 Thread 0x000001a6ed473710 DEOPT UNPACKING pc=0x000001a6dd8f2b43 sp=0x0000007df26fe4f8 mode 3
Event: 9.206 Thread 0x000001a6ec1c9d70 DEOPT PACKING pc=0x000001a6de35213c sp=0x0000007df1ffc420
Event: 9.206 Thread 0x000001a6ec1c9d70 DEOPT UNPACKING pc=0x000001a6dd8f2b43 sp=0x0000007df1ffb978 mode 0
Event: 9.570 Thread 0x000001a6ec1c9d70 DEOPT PACKING pc=0x000001a6dde07422 sp=0x0000007df1ffc740
Event: 9.570 Thread 0x000001a6ec1c9d70 DEOPT UNPACKING pc=0x000001a6dd8f2b43 sp=0x0000007df1ffbc48 mode 3

Classes loaded (20 events):
Event: 26.364 Loading class sun/nio/cs/ThreadLocalCoders$1
Event: 26.365 Loading class sun/nio/cs/ThreadLocalCoders$Cache
Event: 26.365 Loading class sun/nio/cs/ThreadLocalCoders$Cache done
Event: 26.365 Loading class sun/nio/cs/ThreadLocalCoders$1 done
Event: 26.365 Loading class sun/nio/cs/ThreadLocalCoders$2
Event: 26.365 Loading class sun/nio/cs/ThreadLocalCoders$2 done
Event: 26.467 Loading class sun/security/provider/SecureRandom
Event: 26.468 Loading class sun/security/provider/SecureRandom done
Event: 26.468 Loading class sun/security/provider/SecureRandom$SeederHolder
Event: 26.468 Loading class sun/security/provider/SecureRandom$SeederHolder done
Event: 26.654 Loading class java/util/EnumMap$EntryIterator$Entry
Event: 26.655 Loading class java/util/EnumMap$EntryIterator$Entry done
Event: 27.006 Loading class java/util/ArrayList$SubList$2
Event: 27.006 Loading class java/util/ArrayList$SubList$2 done
Event: 27.010 Loading class java/util/concurrent/locks/ReentrantReadWriteLock$Sync$HoldCounter
Event: 27.011 Loading class java/util/concurrent/locks/ReentrantReadWriteLock$Sync$HoldCounter done
Event: 27.030 Loading class java/time/format/DateTimeFormatterBuilder$ZoneTextPrinterParser
Event: 27.031 Loading class java/time/format/DateTimeFormatterBuilder$ZoneTextPrinterParser done
Event: 27.031 Loading class java/time/format/DateTimeFormatterBuilder$ReducedPrinterParser
Event: 27.031 Loading class java/time/format/DateTimeFormatterBuilder$ReducedPrinterParser done

Classes unloaded (20 events):
Event: 27.670 Thread 0x000001a6d48173e0 Unloading class 0x0000000800d55800 'java/lang/invoke/LambdaForm$MH+0x0000000800d55800'
Event: 27.670 Thread 0x000001a6d48173e0 Unloading class 0x0000000800d55400 'java/lang/invoke/LambdaForm$MH+0x0000000800d55400'
Event: 27.670 Thread 0x000001a6d48173e0 Unloading class 0x0000000800d55000 'java/lang/invoke/LambdaForm$MH+0x0000000800d55000'
Event: 27.670 Thread 0x000001a6d48173e0 Unloading class 0x0000000800d54c00 'java/lang/invoke/LambdaForm$MH+0x0000000800d54c00'
Event: 27.670 Thread 0x000001a6d48173e0 Unloading class 0x0000000800cd6000 'java/lang/invoke/LambdaForm$MH+0x0000000800cd6000'
Event: 27.670 Thread 0x000001a6d48173e0 Unloading class 0x0000000800cd5c00 'java/lang/invoke/LambdaForm$MH+0x0000000800cd5c00'
Event: 27.670 Thread 0x000001a6d48173e0 Unloading class 0x0000000800cd5800 'java/lang/invoke/LambdaForm$MH+0x0000000800cd5800'
Event: 27.670 Thread 0x000001a6d48173e0 Unloading class 0x0000000800cd5400 'java/lang/invoke/LambdaForm$MH+0x0000000800cd5400'
Event: 27.670 Thread 0x000001a6d48173e0 Unloading class 0x0000000800cd5000 'java/lang/invoke/LambdaForm$MH+0x0000000800cd5000'
Event: 27.670 Thread 0x000001a6d48173e0 Unloading class 0x0000000800cd4c00 'java/lang/invoke/LambdaForm$MH+0x0000000800cd4c00'
Event: 27.670 Thread 0x000001a6d48173e0 Unloading class 0x0000000800cd4400 'java/lang/invoke/LambdaForm$MH+0x0000000800cd4400'
Event: 27.670 Thread 0x000001a6d48173e0 Unloading class 0x0000000800cd4000 'java/lang/invoke/LambdaForm$MH+0x0000000800cd4000'
Event: 27.670 Thread 0x000001a6d48173e0 Unloading class 0x0000000800cc1000 'jdk/internal/reflect/GeneratedSerializationConstructorAccessor3'
Event: 27.670 Thread 0x000001a6d48173e0 Unloading class 0x0000000800c0b000 'java/lang/invoke/LambdaForm$DMH+0x0000000800c0b000'
Event: 27.670 Thread 0x000001a6d48173e0 Unloading class 0x0000000800c0a800 'java/lang/invoke/LambdaForm$DMH+0x0000000800c0a800'
Event: 27.670 Thread 0x000001a6d48173e0 Unloading class 0x0000000800c0a000 'java/lang/invoke/LambdaForm$MH+0x0000000800c0a000'
Event: 27.670 Thread 0x000001a6d48173e0 Unloading class 0x0000000800c02400 'java/lang/invoke/LambdaForm$MH+0x0000000800c02400'
Event: 27.670 Thread 0x000001a6d48173e0 Unloading class 0x0000000800c02000 'java/lang/invoke/LambdaForm$MH+0x0000000800c02000'
Event: 27.670 Thread 0x000001a6d48173e0 Unloading class 0x0000000800c01c00 'java/lang/invoke/LambdaForm$MH+0x0000000800c01c00'
Event: 27.670 Thread 0x000001a6d48173e0 Unloading class 0x0000000800c01400 'java/lang/invoke/LambdaForm$MH+0x0000000800c01400'

Classes redefined (0 events):
No events

Internal exceptions (20 events):
Event: 9.071 Thread 0x000001a6ec1c9d70 Exception <a 'java/lang/IncompatibleClassChangeError'{0x00000000a37332f8}: Found class java.lang.Object, but interface was expected> (0x00000000a37332f8) 
thrown [s\open\src\hotspot\share\interpreter\linkResolver.cpp, line 826]
Event: 9.108 Thread 0x000001a6ec1c9d70 Exception <a 'java/lang/IncompatibleClassChangeError'{0x00000000a369a9b0}: Found class java.lang.Object, but interface was expected> (0x00000000a369a9b0) 
thrown [s\open\src\hotspot\share\interpreter\linkResolver.cpp, line 826]
Event: 9.317 Thread 0x000001a6ec1c9d70 Exception <a 'java/lang/IncompatibleClassChangeError'{0x00000000a6855b88}: Found class java.lang.Object, but interface was expected> (0x00000000a6855b88) 
thrown [s\open\src\hotspot\share\interpreter\linkResolver.cpp, line 826]
Event: 9.471 Thread 0x000001a6ec1c9d70 Exception <a 'java/lang/IncompatibleClassChangeError'{0x00000000a3e834d8}: Found class java.lang.Object, but interface was expected> (0x00000000a3e834d8) 
thrown [s\open\src\hotspot\share\interpreter\linkResolver.cpp, line 826]
Event: 9.554 Thread 0x000001a6ec1c9d70 Exception <a 'java/lang/NoSuchMethodError'{0x00000000a3c21c78}: 'java.lang.Object java.lang.invoke.DirectMethodHandle$Holder.invokeStatic(java.lang.Object, int, java.lang.Object)'> (0x00000000a3c21c78) 
thrown [s\open\src\hotspot\share\interpreter\linkResolver.cpp, line 759]
Event: 9.834 Thread 0x000001a6ec1c9d70 Exception <a 'java/lang/NoSuchMethodError'{0x00000000a6b4d4a0}: 'java.lang.Object java.lang.invoke.DirectMethodHandle$Holder.newInvokeSpecial(java.lang.Object, java.lang.Object, java.lang.Object, java.lang.Object, java.lang.Object, java.lang.Object, java.lang.Object, java.lang.Object)'> (0x00000000a6b4d4a0) 
thrown [s\open\src\hotspot\share\interpreter\linkResolver.cpp, line 759]
Event: 10.335 Thread 0x000001a6ec1c9d70 Exception <a 'sun/nio/fs/WindowsException'{0x00000000a3b483c0}> (0x00000000a3b483c0) 
thrown [s\open\src\hotspot\share\prims\jni.cpp, line 516]
Event: 10.390 Thread 0x000001a6ec1c9d70 Exception <a 'java/lang/IncompatibleClassChangeError'{0x00000000a37334f0}: Found class java.lang.Object, but interface was expected> (0x00000000a37334f0) 
thrown [s\open\src\hotspot\share\interpreter\linkResolver.cpp, line 826]
Event: 10.558 Thread 0x000001a6ec1c9d70 Exception <a 'java/lang/NoSuchMethodError'{0x00000000a68f3c80}: 'java.lang.Object java.lang.invoke.DirectMethodHandle$Holder.invokeInterface(java.lang.Object, java.lang.Object, java.lang.Object, java.lang.Object)'> (0x00000000a68f3c80) 
thrown [s\open\src\hotspot\share\interpreter\linkResolver.cpp, line 759]
Event: 10.604 Thread 0x000001a6ec1c9d70 Exception <a 'java/lang/NoSuchMethodError'{0x00000000a42105a8}: 'void java.lang.invoke.DirectMethodHandle$Holder.invokeVirtual(java.lang.Object, java.lang.Object, long)'> (0x00000000a42105a8) 
thrown [s\open\src\hotspot\share\interpreter\linkResolver.cpp, line 759]
Event: 10.672 Thread 0x000001a6ec1c9d70 Exception <a 'java/lang/NoSuchMethodError'{0x00000000a3fab890}: 'int java.lang.invoke.DirectMethodHandle$Holder.invokeStaticInit(java.lang.Object, java.lang.Object, java.lang.Object, java.lang.Object)'> (0x00000000a3fab890) 
thrown [s\open\src\hotspot\share\interpreter\linkResolver.cpp, line 759]
Event: 10.759 Thread 0x000001a6ec1c9d70 Exception <a 'java/lang/IncompatibleClassChangeError'{0x00000000a3b558a0}: Found class java.lang.Object, but interface was expected> (0x00000000a3b558a0) 
thrown [s\open\src\hotspot\share\interpreter\linkResolver.cpp, line 826]
Event: 11.519 Thread 0x000001a6ec1c9d70 Exception <a 'java/lang/NoSuchMethodError'{0x00000000a67deb70}: 'java.lang.Object java.lang.invoke.DirectMethodHandle$Holder.newInvokeSpecial(java.lang.Object, java.lang.Object, int, java.lang.Object, java.lang.Object)'> (0x00000000a67deb70) 
thrown [s\open\src\hotspot\share\interpreter\linkResolver.cpp, line 759]
Event: 11.520 Thread 0x000001a6ec1c9d70 Exception <a 'java/lang/NoSuchMethodError'{0x00000000a67ea0f8}: 'java.lang.Object java.lang.invoke.DirectMethodHandle$Holder.invokeSpecial(java.lang.Object, java.lang.Object, int, java.lang.Object, int, java.lang.Object)'> (0x00000000a67ea0f8) 
thrown [s\open\src\hotspot\share\interpreter\linkResolver.cpp, line 759]
Event: 11.520 Thread 0x000001a6ec1c9d70 Exception <a 'java/lang/NoSuchMethodError'{0x00000000a67f21a8}: 'java.lang.Object java.lang.invoke.DirectMethodHandle$Holder.newInvokeSpecial(java.lang.Object, java.lang.Object, int, java.lang.Object, int)'> (0x00000000a67f21a8) 
thrown [s\open\src\hotspot\share\interpreter\linkResolver.cpp, line 759]
Event: 11.520 Thread 0x000001a6ec1c9d70 Exception <a 'java/lang/NoSuchMethodError'{0x00000000a67f62b0}: 'java.lang.Object java.lang.invoke.DirectMethodHandle$Holder.invokeSpecial(java.lang.Object, java.lang.Object, java.lang.Object, int, java.lang.Object, int)'> (0x00000000a67f62b0) 
thrown [s\open\src\hotspot\share\interpreter\linkResolver.cpp, line 759]
Event: 11.848 Thread 0x000001a6ed9500c0 Exception <a 'java/lang/NoSuchMethodError'{0x00000000a41e2720}: 'java.lang.Object java.lang.invoke.DirectMethodHandle$Holder.invokeInterface(java.lang.Object, java.lang.Object, java.lang.Object, java.lang.Object, java.lang.Object, java.lang.Object, java.lang.Object)'> (0x00000000a41e2720) 
thrown [s\open\src\hotspot\share\interpreter\linkResolver.cpp, line 759]
Event: 26.358 Thread 0x000001a6ed474580 Exception <a 'java/lang/NoSuchMethodError'{0x00000000a3f2f560}: 'java.lang.Object java.lang.invoke.DirectMethodHandle$Holder.invokeSpecial(java.lang.Object, java.lang.Object, java.lang.Object, java.lang.Object, java.lang.Object, long)'> (0x00000000a3f2f560) 
thrown [s\open\src\hotspot\share\interpreter\linkResolver.cpp, line 759]
Event: 26.358 Thread 0x000001a6ed474580 Exception <a 'java/lang/NoSuchMethodError'{0x00000000a3f32fa8}: 'java.lang.Object java.lang.invoke.Invokers$Holder.linkToTargetMethod(java.lang.Object, java.lang.Object, java.lang.Object, long, java.lang.Object)'> (0x00000000a3f32fa8) 
thrown [s\open\src\hotspot\share\interpreter\linkResolver.cpp, line 759]
Event: 27.005 Thread 0x000001a6ed472d70 Exception <a 'java/lang/NoSuchMethodError'{0x00000000a3c1c3a0}: 'java.lang.Object java.lang.invoke.DirectMethodHandle$Holder.invokeStatic(java.lang.Object, int, int)'> (0x00000000a3c1c3a0) 
thrown [s\open\src\hotspot\share\interpreter\linkResolver.cpp, line 759]

VM Operations (20 events):
Event: 23.728 Executing VM operation: G1Concurrent done
Event: 26.386 Executing VM operation: HandshakeAllThreads
Event: 26.386 Executing VM operation: HandshakeAllThreads done
Event: 26.386 Executing VM operation: Cleanup
Event: 26.386 Executing VM operation: Cleanup done
Event: 26.521 Executing VM operation: HandshakeAllThreads
Event: 26.521 Executing VM operation: HandshakeAllThreads done
Event: 26.527 Executing VM operation: HandshakeAllThreads
Event: 26.527 Executing VM operation: HandshakeAllThreads done
Event: 26.539 Executing VM operation: HandshakeAllThreads
Event: 26.539 Executing VM operation: HandshakeAllThreads done
Event: 26.575 Executing VM operation: G1CollectForAllocation
Event: 26.579 Executing VM operation: G1CollectForAllocation done
Event: 26.608 Executing VM operation: G1CollectForAllocation
Event: 26.610 Executing VM operation: G1CollectForAllocation done
Event: 27.614 Executing VM operation: Cleanup
Event: 27.614 Executing VM operation: Cleanup done
Event: 27.619 Executing VM operation: G1CollectForAllocation
Event: 27.622 Executing VM operation: G1CollectForAllocation done
Event: 27.669 Executing VM operation: G1Concurrent

Events (20 events):
Event: 11.546 Thread 0x000001a6ed953f50 Thread added: 0x000001a6ed953f50
Event: 11.547 Thread 0x000001a6ed950f30 Thread added: 0x000001a6ed950f30
Event: 11.566 Thread 0x000001a6ec1c9d70 Thread exited: 0x000001a6ec1c9d70
Event: 11.571 Thread 0x000001a6ec1c78a0 Thread exited: 0x000001a6ec1c78a0
Event: 11.571 Thread 0x000001a6d47a5000 Thread exited: 0x000001a6d47a5000
Event: 11.571 Thread 0x000001a6ed9530e0 Thread added: 0x000001a6ed9530e0
Event: 11.766 Thread 0x000001a6ed473240 Thread exited: 0x000001a6ed473240
Event: 11.811 Thread 0x000001a6ed953a80 Thread added: 0x000001a6ed953a80
Event: 11.815 Thread 0x000001a6ed9565d0 Thread added: 0x000001a6ed9565d0
Event: 11.823 Thread 0x000001a6ed9565d0 Thread exited: 0x000001a6ed9565d0
Event: 11.834 Thread 0x000001a6ed9500c0 Thread added: 0x000001a6ed9500c0
Event: 11.835 Thread 0x000001a6ed954420 Thread added: 0x000001a6ed954420
Event: 11.852 Thread 0x000001a6ed954420 Thread exited: 0x000001a6ed954420
Event: 11.854 Thread 0x000001a6ed950590 Thread added: 0x000001a6ed950590
Event: 11.864 Thread 0x000001a6ed950590 Thread exited: 0x000001a6ed950590
Event: 12.797 Thread 0x000001a6ec1f7a50 Thread exited: 0x000001a6ec1f7a50
Event: 12.797 Thread 0x000001a6e74394a0 Thread exited: 0x000001a6e74394a0
Event: 26.462 Thread 0x000001a6ece1c050 Thread added: 0x000001a6ece1c050
Event: 27.015 Thread 0x000001a6ece1ac10 Thread added: 0x000001a6ece1ac10
Event: 27.015 Thread 0x000001a6ece1bb40 Thread added: 0x000001a6ece1bb40


Dynamic libraries:
0x00007ff6cd050000 - 0x00007ff6cd060000 	C:\Program Files\Java\jdk-18.0.2.1\bin\java.exe
0x00007ffa3bbf0000 - 0x00007ffa3be07000 	C:\WINDOWS\SYSTEM32\ntdll.dll
0x00007ffa3b060000 - 0x00007ffa3b124000 	C:\WINDOWS\System32\KERNEL32.DLL
0x00007ffa39170000 - 0x00007ffa39516000 	C:\WINDOWS\System32\KERNELBASE.dll
0x00007ffa38fe0000 - 0x00007ffa390f1000 	C:\WINDOWS\System32\ucrtbase.dll
0x00007ffa2bb10000 - 0x00007ffa2bb2a000 	C:\Program Files\Java\jdk-18.0.2.1\bin\VCRUNTIME140.dll
0x00007ffa2baf0000 - 0x00007ffa2bb08000 	C:\Program Files\Java\jdk-18.0.2.1\bin\jli.dll
0x00007ffa3aec0000 - 0x00007ffa3af71000 	C:\WINDOWS\System32\ADVAPI32.dll
0x00007ffa3b130000 - 0x00007ffa3b1d7000 	C:\WINDOWS\System32\msvcrt.dll
0x00007ffa3acc0000 - 0x00007ffa3ad65000 	C:\WINDOWS\System32\sechost.dll
0x00007ffa3b1e0000 - 0x00007ffa3b2f7000 	C:\WINDOWS\System32\RPCRT4.dll
0x00007ffa3ab10000 - 0x00007ffa3acbe000 	C:\WINDOWS\System32\USER32.dll
0x00007ffa2c0f0000 - 0x00007ffa2c383000 	C:\WINDOWS\WinSxS\amd64_microsoft.windows.common-controls_6595b64144ccf1df_6.0.22621.2506_none_270c5ae97388e100\COMCTL32.dll
0x00007ffa39520000 - 0x00007ffa39546000 	C:\WINDOWS\System32\win32u.dll
0x00007ffa3b4e0000 - 0x00007ffa3b509000 	C:\WINDOWS\System32\GDI32.dll
0x00007ffa395f0000 - 0x00007ffa39708000 	C:\WINDOWS\System32\gdi32full.dll
0x00007ffa39550000 - 0x00007ffa395ea000 	C:\WINDOWS\System32\msvcp_win.dll
0x00007ffa31e20000 - 0x00007ffa31e2a000 	C:\WINDOWS\SYSTEM32\VERSION.dll
0x00007ffa3b510000 - 0x00007ffa3b541000 	C:\WINDOWS\System32\IMM32.DLL
0x00007ffa2bac0000 - 0x00007ffa2bacc000 	C:\Program Files\Java\jdk-18.0.2.1\bin\vcruntime140_1.dll
0x00007ffa1c2a0000 - 0x00007ffa1c32d000 	C:\Program Files\Java\jdk-18.0.2.1\bin\msvcp140.dll
0x00007ff9b1d90000 - 0x00007ff9b29a1000 	C:\Program Files\Java\jdk-18.0.2.1\bin\server\jvm.dll
0x00007ffa39a00000 - 0x00007ffa39a08000 	C:\WINDOWS\System32\PSAPI.DLL
0x00007ffa2ed90000 - 0x00007ffa2ed99000 	C:\WINDOWS\SYSTEM32\WSOCK32.dll
0x00007ffa311b0000 - 0x00007ffa311e4000 	C:\WINDOWS\SYSTEM32\WINMM.dll
0x00007ffa3afd0000 - 0x00007ffa3b041000 	C:\WINDOWS\System32\WS2_32.dll
0x00007ffa37f60000 - 0x00007ffa37f78000 	C:\WINDOWS\SYSTEM32\kernel.appcore.dll
0x00007ffa2b9f0000 - 0x00007ffa2b9fa000 	C:\Program Files\Java\jdk-18.0.2.1\bin\jimage.dll
0x00007ffa36730000 - 0x00007ffa36963000 	C:\WINDOWS\SYSTEM32\DBGHELP.DLL
0x00007ffa3b660000 - 0x00007ffa3b9e9000 	C:\WINDOWS\System32\combase.dll
0x00007ffa3ad70000 - 0x00007ffa3ae47000 	C:\WINDOWS\System32\OLEAUT32.dll
0x00007ffa28d10000 - 0x00007ffa28d42000 	C:\WINDOWS\SYSTEM32\dbgcore.DLL
0x00007ffa38f60000 - 0x00007ffa38fda000 	C:\WINDOWS\System32\bcryptPrimitives.dll
0x00007ffa267e0000 - 0x00007ffa267ee000 	C:\Program Files\Java\jdk-18.0.2.1\bin\instrument.dll
0x00007ffa27be0000 - 0x00007ffa27c05000 	C:\Program Files\Java\jdk-18.0.2.1\bin\java.dll
0x00007ff9ffe80000 - 0x00007ff9fff56000 	C:\Program Files\Java\jdk-18.0.2.1\bin\jsvml.dll
0x00007ffa39ac0000 - 0x00007ffa3a31a000 	C:\WINDOWS\System32\SHELL32.dll
0x00007ffa36e80000 - 0x00007ffa37776000 	C:\WINDOWS\SYSTEM32\windows.storage.dll
0x00007ffa36d40000 - 0x00007ffa36e7e000 	C:\WINDOWS\SYSTEM32\wintypes.dll
0x00007ffa3b3e0000 - 0x00007ffa3b4d3000 	C:\WINDOWS\System32\SHCORE.dll
0x00007ffa399a0000 - 0x00007ffa399fe000 	C:\WINDOWS\System32\shlwapi.dll
0x00007ffa38e90000 - 0x00007ffa38eb6000 	C:\WINDOWS\SYSTEM32\profapi.dll
0x00007ffa1d7f0000 - 0x00007ffa1d808000 	C:\Program Files\Java\jdk-18.0.2.1\bin\zip.dll
0x00007ffa26970000 - 0x00007ffa26983000 	C:\Program Files\Java\jdk-18.0.2.1\bin\net.dll
0x00007ffa31770000 - 0x00007ffa318a7000 	C:\WINDOWS\SYSTEM32\WINHTTP.dll
0x00007ffa383e0000 - 0x00007ffa38449000 	C:\WINDOWS\system32\mswsock.dll
0x00007ffa1e0c0000 - 0x00007ffa1e0d6000 	C:\Program Files\Java\jdk-18.0.2.1\bin\nio.dll
0x00007ffa267a0000 - 0x00007ffa267ba000 	C:\Program Files\JetBrains\IntelliJ IDEA 2023.3.2\bin\breakgen64.dll
0x00007ffa37a50000 - 0x00007ffa37b49000 	C:\WINDOWS\SYSTEM32\DNSAPI.dll
0x00007ffa379e0000 - 0x00007ffa37a0d000 	C:\WINDOWS\SYSTEM32\IPHLPAPI.DLL
0x00007ffa3b050000 - 0x00007ffa3b059000 	C:\WINDOWS\System32\NSI.dll
0x00007ffa1f6f0000 - 0x00007ffa1f6fa000 	C:\Windows\System32\rasadhlp.dll
0x00007ffa2f220000 - 0x00007ffa2f2a3000 	C:\WINDOWS\System32\fwpuclnt.dll
0x00007ffa267d0000 - 0x00007ffa267d9000 	C:\Program Files\Java\jdk-18.0.2.1\bin\management.dll
0x00007ffa267c0000 - 0x00007ffa267cb000 	C:\Program Files\Java\jdk-18.0.2.1\bin\management_ext.dll
0x00007ffa38640000 - 0x00007ffa3865b000 	C:\WINDOWS\SYSTEM32\CRYPTSP.dll
0x00007ffa37ec0000 - 0x00007ffa37ef5000 	C:\WINDOWS\system32\rsaenh.dll
0x00007ffa384d0000 - 0x00007ffa384fc000 	C:\WINDOWS\SYSTEM32\USERENV.dll
0x00007ffa38800000 - 0x00007ffa38828000 	C:\WINDOWS\SYSTEM32\bcrypt.dll
0x00007ffa38630000 - 0x00007ffa3863c000 	C:\WINDOWS\SYSTEM32\CRYPTBASE.dll
0x00007ffa31e30000 - 0x00007ffa31e49000 	C:\WINDOWS\SYSTEM32\dhcpcsvc6.DLL
0x00007ffa311f0000 - 0x00007ffa3120f000 	C:\WINDOWS\SYSTEM32\dhcpcsvc.DLL
0x00007ffa28cd0000 - 0x00007ffa28ce7000 	C:\WINDOWS\system32\napinsp.dll
0x00007ffa19970000 - 0x00007ffa1998b000 	C:\WINDOWS\system32\pnrpnsp.dll
0x00007ffa19950000 - 0x00007ffa19961000 	C:\WINDOWS\System32\winrnr.dll
0x00007ffa30760000 - 0x00007ffa30775000 	C:\WINDOWS\system32\wshbth.dll
0x00007ffa19700000 - 0x00007ffa19721000 	C:\WINDOWS\system32\nlansp_c.dll
0x00007ffa1d7b0000 - 0x00007ffa1d7be000 	C:\Program Files\Java\jdk-18.0.2.1\bin\sunmscapi.dll
0x00007ffa397d0000 - 0x00007ffa39936000 	C:\WINDOWS\System32\CRYPT32.dll
0x00007ffa387d0000 - 0x00007ffa387fd000 	C:\WINDOWS\SYSTEM32\ncrypt.dll
0x00007ffa38790000 - 0x00007ffa387c7000 	C:\WINDOWS\SYSTEM32\NTASN1.dll
0x00007ffa21e80000 - 0x00007ffa21e90000 	C:\Program Files\Java\jdk-18.0.2.1\bin\verify.dll

dbghelp: loaded successfully - version: 4.0.5 - missing functions: none
symbol engine: initialized successfully - sym options: 0x614 - pdb path: .;C:\Program Files\Java\jdk-18.0.2.1\bin;C:\WINDOWS\SYSTEM32;C:\WINDOWS\WinSxS\amd64_microsoft.windows.common-controls_6595b64144ccf1df_6.0.22621.2506_none_270c5ae97388e100;C:\Program Files\Java\jdk-18.0.2.1\bin\server;C:\Program Files\JetBrains\IntelliJ IDEA 2023.3.2\bin

VM Arguments:
jvm_args: -XX:TieredStopAtLevel=1 -Dspring.output.ansi.enabled=always -Dcom.sun.management.jmxremote -Dspring.jmx.enabled=true -Dspring.liveBeansView.mbeanDomain -Dspring.application.admin.enabled=true -Dmanagement.endpoints.jmx.exposure.include=* -javaagent:C:\Program Files\JetBrains\IntelliJ IDEA 2023.3.2\lib\idea_rt.jar=51426:C:\Program Files\JetBrains\IntelliJ IDEA 2023.3.2\bin -Dfile.encoding=UTF-8 -Dsun.stdout.encoding=UTF-8 -Dsun.stderr.encoding=UTF-8 
java_command: com.vn.ClaimRequestApplication
java_class_path (initial): F:\A_Fullstack\MOCK\ClaimRequest\target\classes;C:\Users\Asus\.m2\repository\org\springframework\boot\spring-boot-starter-data-jpa\3.2.1\spring-boot-starter-data-jpa-3.2.1.jar;C:\Users\Asus\.m2\repository\org\springframework\boot\spring-boot-starter-aop\3.2.1\spring-boot-starter-aop-3.2.1.jar;C:\Users\Asus\.m2\repository\org\aspectj\aspectjweaver\1.9.21\aspectjweaver-1.9.21.jar;C:\Users\Asus\.m2\repository\org\springframework\boot\spring-boot-starter-jdbc\3.2.1\spring-boot-starter-jdbc-3.2.1.jar;C:\Users\Asus\.m2\repository\com\zaxxer\HikariCP\5.0.1\HikariCP-5.0.1.jar;C:\Users\Asus\.m2\repository\org\springframework\spring-jdbc\6.1.2\spring-jdbc-6.1.2.jar;C:\Users\Asus\.m2\repository\org\hibernate\orm\hibernate-core\6.4.1.Final\hibernate-core-6.4.1.Final.jar;C:\Users\Asus\.m2\repository\jakarta\persistence\jakarta.persistence-api\3.1.0\jakarta.persistence-api-3.1.0.jar;C:\Users\Asus\.m2\repository\jakarta\transaction\jakarta.transaction-api\2.0.1\jakarta.transaction-api-2.0.1.jar;C:\Users\Asus\.m2\repository\org\jboss\logging\jboss-logging\3.5.3.Final\jboss-logging-3.5.3.Final.jar;C:\Users\Asus\.m2\repository\org\hibernate\common\hibernate-commons-annotations\6.0.6.Final\hibernate-commons-annotations-6.0.6.Final.jar;C:\Users\Asus\.m2\repository\io\smallrye\jandex\3.1.2\jandex-3.1.2.jar;C:\Users\Asus\.m2\repository\com\fasterxml\classmate\1.6.0\classmate-1.6.0.jar;C:\Users\Asus\.m2\repository\net\bytebuddy\byte-buddy\1.14.10\byte-buddy-1.14.10.jar;C:\Users\Asus\.m2\repository\org\glassfish\jaxb\jaxb-runtime\4.0.4\jaxb-runtime-4.0.4.jar;C:\Users\Asus\.m2\repository\org\glassfish\jaxb\jaxb-core\4.0.4\jaxb-core-4.0.4.jar;C:\Users\Asus\.m2\repository\org\eclipse\angus\angus-activation\2.0.1\angus-activation-2.0.1.jar;C:\Users\Asus\.m2\repository\org\glassfish\jaxb\txw2\4.0.4\txw2-4.0.4.jar;C:\Users\Asus\.m2\repository\com\sun\istack\istack-commons-runtime\4.1.2\istack-commons-runtime-4.1.2.jar;C:\Users\Asus\.m2\repository\jakarta\inject\jakarta.inject-api\2.0.1\jakarta.inject-api-2.0.1.jar;C:\Users\Asus\.m2\repository\org\antlr\antlr4-runtime\4.13.0\antlr4-runtime-4.13.0.jar;C:\Users\Asus\.m2\repository\org\springframework\data\spring-data-jpa\3.2.1\spring-data-jpa-3.2.1.jar;C:\Users\Asus\.m2\repository\org\springframework\data\spring-data-commons\3.2.1\spring-data-commons-3.2.1.jar;C:\Users\Asus\.m2\repository\org\springframework\spring-orm\6.1.2\spring-orm-6.1.2.jar;C:\Users\Asus\.m2\repository\org\springframework\spring-context\6.1.2\spring-context-6.1.2.jar;C:\Users\Asus\.m2\repository\org\springframework\spring-tx\6.1.2\spring-tx-6.1.2.jar;C:\Users\Asus\.m2\repository\org\springframework\spring-beans\6.1.2\spring-beans-6.1.2.jar;C:\Users\Asus\.m2\repository\org\springframework\spring-aspects\6.1.2\spring-aspects-6.1.2.jar;C:\Users\Asus\.m2\repository\org\springframework\boot\spring-boot-starter-security\3.2.1\spring-boot-starter-security-3.2.1.jar;C:\Users\Asus\.m2\repository\org\springframework\boot\spring-boot-starter\3.2.1\spring-boot-starter-3.2.1.jar;C:\Users\Asus\.m2\repository\org\springframework\boot\spring-boot-starter-logging\3.2.1\spring-boot-starter-logging-3.2.1.jar;C:\Users\Asus\.m2\repository\ch\qos\logback\logback-classic\1.4.14\logback-classic-1.4.14.jar;C:\Users\Asus\.m2\repository\ch\qos\logback\logback-core\1.4.14\logback-core-1.4.14.jar;C:\Users\Asus\.m2\repository\org\apache\logging\log4j\log4j-to-slf4j\2.21.1\log4j-to-slf4j-2.21.1.jar;C:\Users\Asus\.m2\repository\org\apache\logging\log4j\log4j-api\2.21.1\log4j-api-2.21.1.jar;C:\Users\Asus\.m2\repository\org\slf4j\jul-to-slf4j\2.0.9\jul-to-slf4j-2.0.9.jar;C:\Users\Asus\.m2\repository\org\yaml\snakeyaml\2.2\snakeyaml-2.2.jar;C:\Users\Asus\.m2\repository\org\springframework\spring-aop\6.1.2\spring-aop-6.1.2.jar;C:\Users\Asus\.m2\repository\org\springframework\security\spring-security-config\6.2.1\spring-security-config-6.2.1.jar;C:\Users\Asus\.m2\repository\org\springframework\security\spring-security-web\6.2.1\spring-security-web-6.2.1.jar;C:\Users\Asus\.m2\repository\org\springframework\spring-expression\6.1.2\spring-expression-6.1.2.jar;C:\Users\Asus\.m2\repository\org\springframework\boot\spring-boot-starter-thymeleaf\3.2.1\spring-boot-starter-thymeleaf-3.2.1.jar;C:\Users\Asus\.m2\repository\org\thymeleaf\thymeleaf-spring6\3.1.2.RELEASE\thymeleaf-spring6-3.1.2.RELEASE.jar;C:\Users\Asus\.m2\repository\org\thymeleaf\thymeleaf\3.1.2.RELEASE\thymeleaf-3.1.2.RELEASE.jar;C:\Users\Asus\.m2\repository\org\attoparser\attoparser\2.0.7.RELEASE\attoparser-2.0.7.RELEASE.jar;C:\Users\Asus\.m2\repository\org\unbescape\unbescape\1.1.6.RELEASE\unbescape-1.1.6.RELEASE.jar;C:\Users\Asus\.m2\repository\org\springframework\boot\spring-boot-starter-validation\3.2.1\spring-boot-starter-validation-3.2.1.jar;C:\Users\Asus\.m2\repository\org\apache\tomcat\embed\tomcat-embed-el\10.1.17\tomcat-embed-el-10.1.17.jar;C:\Users\Asus\.m2\repository\org\hibernate\validator\hibernate-validator\8.0.1.Final\hibernate-validator-8.0.1.Final.jar;C:\Users\Asus\.m2\repository\jakarta\validation\jakarta.validation-api\3.0.2\jakarta.validation-api-3.0.2.jar;C:\Users\Asus\.m2\repository\org\springframework\boot\spring-boot-starter-web\3.2.1\spring-boot-starter-web-3.2.1.jar;C:\Users\Asus\.m2\repository\org\springframework\boot\spring-boot-starter-json\3.2.1\spring-boot-starter-json-3.2.1.jar;C:\Users\Asus\.m2\repository\com\fasterxml\jackson\core\jackson-databind\2.15.3\jackson-databind-2.15.3.jar;C:\Users\Asus\.m2\repository\com\fasterxml\jackson\core\jackson-annotations\2.15.3\jackson-annotations-2.15.3.jar;C:\Users\Asus\.m2\repository\com\fasterxml\jackson\core\jackson-core\2.15.3\jackson-core-2.15.3.jar;C:\Users\Asus\.m2\repository\com\fasterxml\jackson\datatype\jackson-datatype-jdk8\2.15.3\jackson-datatype-jdk8-2.15.3.jar;C:\Users\Asus\.m2\repository\com\fasterxml\jackson\datatype\jackson-datatype-jsr310\2.15.3\jackson-datatype-jsr310-2.15.3.jar;C:\Users\Asus\.m2\repository\com\fasterxml\jackson\module\jackson-module-parameter-names\2.15.3\jackson-module-parameter-names-2.15.3.jar;C:\Users\Asus\.m2\repository\org\springframework\spring-web\6.1.2\spring-web-6.1.2.jar;C:\Users\Asus\.m2\repository\io\micrometer\micrometer-observation\1.12.1\micrometer-observation-1.12.1.jar;C:\Users\Asus\.m2\repository\io\micrometer\micrometer-commons\1.12.1\micrometer-commons-1.12.1.jar;C:\Users\Asus\.m2\repository\org\springframework\spring-webmvc\6.1.2\spring-webmvc-6.1.2.jar;C:\Users\Asus\.m2\repository\org\thymeleaf\extras\thymeleaf-extras-springsecurity6\3.1.2.RELEASE\thymeleaf-extras-springsecurity6-3.1.2.RELEASE.jar;C:\Users\Asus\.m2\repository\org\slf4j\slf4j-api\2.0.9\slf4j-api-2.0.9.jar;C:\Users\Asus\.m2\repository\org\springframework\boot\spring-boot-devtools\3.2.1\spring-boot-devtools-3.2.1.jar;C:\Users\Asus\.m2\repository\org\springframework\boot\spring-boot\3.2.1\spring-boot-3.2.1.jar;C:\Users\Asus\.m2\repository\org\springframework\boot\spring-boot-autoconfigure\3.2.1\spring-boot-autoconfigure-3.2.1.jar;C:\Users\Asus\.m2\repository\com\microsoft\sqlserver\mssql-jdbc\12.4.2.jre11\mssql-jdbc-12.4.2.jre11.jar;C:\Users\Asus\.m2\repository\org\projectlombok\lombok\1.18.30\lombok-1.18.30.jar;C:\Users\Asus\.m2\repository\org\springframework\boot\spring-boot-starter-tomcat\3.2.1\spring-boot-starter-tomcat-3.2.1.jar;C:\Users\Asus\.m2\repository\jakarta\annotation\jakarta.annotation-api\2.1.1\jakarta.annotation-api-2.1.1.jar;C:\Users\Asus\.m2\repository\org\apache\tomcat\embed\tomcat-embed-core\10.1.17\tomcat-embed-core-10.1.17.jar;C:\Users\Asus\.m2\repository\org\apache\tomcat\embed\tomcat-embed-websocket\10.1.17\tomcat-embed-websocket-10.1.17.jar;C:\Users\Asus\.m2\repository\jakarta\xml\bind\jakarta.xml.bind-api\4.0.1\jakarta.xml.bind-api-4.0.1.jar;C:\Users\Asus\.m2\repository\jakarta\activation\jakarta.activation-api\2.1.2\jakarta.activation-api-2.1.2.jar;C:\Users\Asus\.m2\repository\org\springframework\spring-core\6.1.2\spring-core-6.1.2.jar;C:\Users\Asus\.m2\repository\org\springframework\spring-jcl\6.1.2\spring-jcl-6.1.2.jar;C:\Users\Asus\.m2\repository\org\springframework\security\spring-security-core\6.2.1\spring-security-core-6.2.1.jar;C:\Users\Asus\.m2\repository\org\springframework\security\spring-security-crypto\6.2.1\spring-security-crypto-6.2.1.jar
Launcher Type: SUN_STANDARD

[Global flags]
     intx CICompilerCount                          = 4                                         {product} {ergonomic}
     uint ConcGCThreads                            = 2                                         {product} {ergonomic}
     uint G1ConcRefinementThreads                  = 8                                         {product} {ergonomic}
   size_t G1HeapRegionSize                         = 1048576                                   {product} {ergonomic}
    uintx GCDrainStackTargetSize                   = 64                                        {product} {ergonomic}
   size_t InitialHeapSize                          = 100663296                                 {product} {ergonomic}
     bool ManagementServer                         = true                                      {product} {command line}
   size_t MarkStackSize                            = 4194304                                   {product} {ergonomic}
   size_t MaxHeapSize                              = 1598029824                                {product} {ergonomic}
   size_t MaxNewSize                               = 958398464                                 {product} {ergonomic}
   size_t MinHeapDeltaBytes                        = 1048576                                   {product} {ergonomic}
   size_t MinHeapSize                              = 8388608                                   {product} {ergonomic}
    uintx NonProfiledCodeHeapSize                  = 0                                      {pd product} {ergonomic}
     bool ProfileInterpreter                       = false                                  {pd product} {command line}
    uintx ProfiledCodeHeapSize                     = 0                                      {pd product} {ergonomic}
   size_t SoftMaxHeapSize                          = 1598029824                             {manageable} {ergonomic}
     intx TieredStopAtLevel                        = 1                                         {product} {command line}
     bool UseCompressedClassPointers               = true                           {product lp64_product} {ergonomic}
     bool UseCompressedOops                        = true                           {product lp64_product} {ergonomic}
     bool UseG1GC                                  = true                                      {product} {ergonomic}
     bool UseLargePagesIndividualAllocation        = false                                  {pd product} {ergonomic}

Logging:
Log output configuration:
 #0: stdout all=warning uptime,level,tags foldmultilines=false
 #1: stderr all=off uptime,level,tags foldmultilines=false

Environment Variables:
JAVA_HOME=C:\Program Files\Java\jdk-18.0.2.1\bin
PATH=C:\Program Files\Common Files\Oracle\Java\javapath;C:\Program Files (x86)\Common Files\Oracle\Java\javapath;C:\Program Files\Microsoft MPI\Bin\;C:\Program Files\Java\jdk-1.8\bin;C:\WINDOWS\system32;C:\WINDOWS;C:\WINDOWS\System32\Wbem;C:\WINDOWS\System32\WindowsPowerShell\v1.0\;C:\WINDOWS\System32\OpenSSH\;C:\Program Files (x86)\Microsoft SQL Server\Client SDK\ODBC\110\Tools\Binn\;C:\Program Files (x86)\Microsoft SQL Server\120\Tools\Binn\;C:\Program Files (x86)\Microsoft SQL Server\120\DTS\Binn\;C:\Users\Asus\Desktop\Matlap\runtime\win64;C:\Users\Asus\Desktop\Matlap\bin;C:\Program Files\MATLAB\R2017b\runtime\win64;C:\Program Files\MATLAB\R2017b\bin;C:\Program Files\PuTTY\;C:\Program Files\PowerShell\7\;C:\Program Files\Git\cmd;C:\Program Files\TortoiseSVN\bin;C:\Program Files (x86)\Microsoft SQL Server\160\DTS\Binn\;C:\Program Files\Azure Data Studio\bin;C:\Program Files (x86)\Microsoft SQL Server\160\Tools\Binn\;C:\Program Files\Microsoft SQL Server\160\Tools\Binn\;C:\Program Files\Microsoft SQL Server\Client SDK\ODBC\170\Tools\Binn\;C:\Program Files\Microsoft SQL Server\160\DTS\Binn\;C:\Program Files\dotnet\;C:\Program Files\Java\jdk1.8.0_202\bin;C:\apache-maven-3.9.4\bin;C:\Program Files\nodejs\;C:\Users\Asus\AppData\Local\Programs\Python\Python310\Scripts\;C:\Users\Asus\AppData\Local\Programs\Python\Python310\;C:\Users\Asus\AppData\Local\Microsoft\WindowsApps;;C:\Users\Asus\AppData\Local\Programs\Microsoft VS Code\bin;C:\Program Files\Azure Data Studio\bin;C:\Users\Asus\AppData\Roaming\npm;C:\Program Files\JetBrains\IntelliJ IDEA 2023.3.2\bin;
USERNAME=Asus
OS=Windows_NT
PROCESSOR_IDENTIFIER=AMD64 Family 23 Model 24 Stepping 1, AuthenticAMD



---------------  S Y S T E M  ---------------

OS:
 Windows 11 , 64 bit Build 22621 (10.0.22621.2506)
OS uptime: 0 days 3:58 hours

CPU: total 8 (initial active 8) (8 cores per cpu, 2 threads per core) family 23 model 24 stepping 1 microcode 0x0, cx8, cmov, fxsr, ht, mmx, 3dnowpref, sse, sse2, sse3, ssse3, sse4a, sse4.1, sse4.2, popcnt, lzcnt, tsc, tscinvbit, avx, avx2, aes, clmul, bmi1, bmi2, adx, sha, fma, vzeroupper, clflush, clflushopt

Memory: 4k page, system-wide physical 6091M (609M free)
TotalPageFile size 14283M (AvailPageFile size 9M)
current process WorkingSet (physical memory assigned to process): 215M, peak: 215M
current process commit charge ("private bytes"): 257M, peak: 262M

vm_info: Java HotSpot(TM) 64-Bit Server VM (18.0.2.1+1-1) for windows-amd64 JRE (18.0.2.1+1-1), built on Aug 16 2022 01:46:33 by "mach5one" with MS VC++ 16.8 / 16.9 (VS2019)

END.
